[Alert] Training cnn-relu manual_seed=73
[Alert] Attribution type: lrp / Deletion of inputs: 0.0
[Step] 1/10
[Train] Average loss: 46.1188
[Test] Average loss: 0.0889, Accuracy: 97.20%
[Alert] best model saved
----------------------------------------
[Step] 2/10
[Train] Average loss: 9.4583
[Test] Average loss: 0.0535, Accuracy: 98.31%
[Alert] best model saved
----------------------------------------
[Step] 3/10
[Train] Average loss: 6.5902
[Test] Average loss: 0.0437, Accuracy: 98.69%
[Alert] best model saved
----------------------------------------
[Step] 4/10
[Train] Average loss: 5.0864
[Test] Average loss: 0.0449, Accuracy: 98.53%
----------------------------------------
[Step] 5/10
[Train] Average loss: 4.4052
[Test] Average loss: 0.0414, Accuracy: 98.66%
----------------------------------------
[Step] 6/10
[Train] Average loss: 3.7095
[Test] Average loss: 0.0321, Accuracy: 98.96%
[Alert] best model saved
----------------------------------------
[Step] 7/10
[Train] Average loss: 3.1169
[Test] Average loss: 0.0259, Accuracy: 99.12%
[Alert] best model saved
----------------------------------------
[Step] 8/10
[Train] Average loss: 2.7437
[Test] Average loss: 0.0310, Accuracy: 98.91%
----------------------------------------
[Step] 9/10
[Train] Average loss: 2.3144
[Test] Average loss: 0.0296, Accuracy: 98.99%
----------------------------------------
[Step] 10/10
[Train] Average loss: 2.1374
[Test] Average loss: 0.0273, Accuracy: 98.99%
----------------------------------------
[Alert] Attribution type: lrp / Deletion of inputs: 0.1
[Step] 1/10
[Train] Average loss: 195.6259
[Test] Average loss: 1.4290, Accuracy: 49.66%
[Alert] best model saved
----------------------------------------
[Step] 2/10
[Train] Average loss: 160.7918
[Test] Average loss: 1.3077, Accuracy: 54.21%
[Alert] best model saved
----------------------------------------
[Step] 3/10
[Train] Average loss: 151.5319
[Test] Average loss: 1.2691, Accuracy: 55.58%
[Alert] best model saved
----------------------------------------
[Step] 4/10
[Train] Average loss: 146.6132
[Test] Average loss: 1.2173, Accuracy: 57.44%
[Alert] best model saved
----------------------------------------
[Step] 5/10
[Train] Average loss: 143.0709
[Test] Average loss: 1.1980, Accuracy: 57.79%
[Alert] best model saved
----------------------------------------
[Step] 6/10
[Train] Average loss: 140.4981
[Test] Average loss: 1.1975, Accuracy: 57.90%
[Alert] best model saved
----------------------------------------
[Step] 7/10
[Train] Average loss: 138.7459
[Test] Average loss: 1.1765, Accuracy: 58.40%
[Alert] best model saved
----------------------------------------
[Step] 8/10
[Train] Average loss: 137.4287
[Test] Average loss: 1.1596, Accuracy: 59.03%
[Alert] best model saved
----------------------------------------
[Step] 9/10
[Train] Average loss: 136.4137
[Test] Average loss: 1.1577, Accuracy: 59.25%
[Alert] best model saved
----------------------------------------
[Step] 10/10
[Train] Average loss: 134.7604
[Test] Average loss: 1.1589, Accuracy: 59.41%
[Alert] best model saved
----------------------------------------
[Alert] Attribution type: lrp / Deletion of inputs: 0.2
[Step] 1/10
[Train] Average loss: 196.3372
[Test] Average loss: 1.4301, Accuracy: 49.69%
[Alert] best model saved
----------------------------------------
[Step] 2/10
[Train] Average loss: 161.1140
[Test] Average loss: 1.3360, Accuracy: 53.06%
[Alert] best model saved
----------------------------------------
[Step] 3/10
[Train] Average loss: 152.9504
[Test] Average loss: 1.2682, Accuracy: 55.26%
[Alert] best model saved
----------------------------------------
[Step] 4/10
[Train] Average loss: 147.4912
[Test] Average loss: 1.2337, Accuracy: 56.93%
[Alert] best model saved
----------------------------------------
[Step] 5/10
[Train] Average loss: 143.8452
[Test] Average loss: 1.2034, Accuracy: 57.75%
[Alert] best model saved
----------------------------------------
[Step] 6/10
[Train] Average loss: 141.0457
[Test] Average loss: 1.1890, Accuracy: 58.49%
[Alert] best model saved
----------------------------------------
[Step] 7/10
[Train] Average loss: 139.3363
[Test] Average loss: 1.2006, Accuracy: 57.77%
----------------------------------------
[Step] 8/10
[Train] Average loss: 137.4570
[Test] Average loss: 1.1690, Accuracy: 58.64%
[Alert] best model saved
----------------------------------------
[Step] 9/10
[Train] Average loss: 136.8295
[Test] Average loss: 1.1587, Accuracy: 59.28%
[Alert] best model saved
----------------------------------------
[Step] 10/10
[Train] Average loss: 134.8989
[Test] Average loss: 1.1427, Accuracy: 59.89%
[Alert] best model saved
----------------------------------------
[Alert] Attribution type: lrp / Deletion of inputs: 0.3
[Step] 1/10
[Train] Average loss: 196.0995
[Test] Average loss: 1.4503, Accuracy: 49.75%
[Alert] best model saved
----------------------------------------
[Step] 2/10
[Train] Average loss: 160.2724
[Test] Average loss: 1.3216, Accuracy: 53.55%
[Alert] best model saved
----------------------------------------
[Step] 3/10
[Train] Average loss: 151.8909
[Test] Average loss: 1.2557, Accuracy: 55.57%
[Alert] best model saved
----------------------------------------
[Step] 4/10
[Train] Average loss: 147.3493
[Test] Average loss: 1.2219, Accuracy: 57.04%
[Alert] best model saved
----------------------------------------
[Step] 5/10
[Train] Average loss: 142.9017
[Test] Average loss: 1.1990, Accuracy: 57.64%
[Alert] best model saved
----------------------------------------
[Step] 6/10
[Train] Average loss: 140.8021
[Test] Average loss: 1.1807, Accuracy: 58.25%
[Alert] best model saved
----------------------------------------
[Step] 7/10
[Train] Average loss: 138.4071
[Test] Average loss: 1.1660, Accuracy: 58.67%
[Alert] best model saved
----------------------------------------
[Step] 8/10
[Train] Average loss: 137.2327
[Test] Average loss: 1.1681, Accuracy: 58.55%
----------------------------------------
[Step] 9/10
[Train] Average loss: 136.4278
[Test] Average loss: 1.1592, Accuracy: 59.20%
[Alert] best model saved
----------------------------------------
[Step] 10/10
[Train] Average loss: 134.4477
[Test] Average loss: 1.1473, Accuracy: 59.90%
[Alert] best model saved
----------------------------------------
[Alert] Attribution type: lrp / Deletion of inputs: 0.4
[Step] 1/10
[Train] Average loss: 195.6491
[Test] Average loss: 1.4339, Accuracy: 49.92%
[Alert] best model saved
----------------------------------------
[Step] 2/10
[Train] Average loss: 160.9376
[Test] Average loss: 1.3297, Accuracy: 53.51%
[Alert] best model saved
----------------------------------------
[Step] 3/10
[Train] Average loss: 152.2091
[Test] Average loss: 1.2698, Accuracy: 55.00%
[Alert] best model saved
----------------------------------------
[Step] 4/10
[Train] Average loss: 147.4832
[Test] Average loss: 1.2339, Accuracy: 56.72%
[Alert] best model saved
----------------------------------------
[Step] 5/10
[Train] Average loss: 143.8963
[Test] Average loss: 1.2143, Accuracy: 57.39%
[Alert] best model saved
----------------------------------------
[Step] 6/10
[Train] Average loss: 140.9372
[Test] Average loss: 1.1886, Accuracy: 58.12%
[Alert] best model saved
----------------------------------------
[Step] 7/10
[Train] Average loss: 138.9056
[Test] Average loss: 1.1737, Accuracy: 58.62%
[Alert] best model saved
----------------------------------------
[Step] 8/10
[Train] Average loss: 138.0515
[Test] Average loss: 1.1774, Accuracy: 58.50%
----------------------------------------
[Step] 9/10
[Train] Average loss: 136.4499
[Test] Average loss: 1.1679, Accuracy: 58.82%
[Alert] best model saved
----------------------------------------
[Step] 10/10
[Train] Average loss: 135.5351
[Test] Average loss: 1.1444, Accuracy: 59.62%
[Alert] best model saved
----------------------------------------
[Alert] Attribution type: lrp / Deletion of inputs: 0.5
[Step] 1/10
[Train] Average loss: 198.0904
[Test] Average loss: 1.4603, Accuracy: 49.07%
[Alert] best model saved
----------------------------------------
[Step] 2/10
[Train] Average loss: 161.2149
[Test] Average loss: 1.3294, Accuracy: 53.25%
[Alert] best model saved
----------------------------------------
[Step] 3/10
[Train] Average loss: 151.8601
[Test] Average loss: 1.2912, Accuracy: 53.95%
[Alert] best model saved
----------------------------------------
[Step] 4/10
[Train] Average loss: 146.3588
[Test] Average loss: 1.2448, Accuracy: 55.72%
[Alert] best model saved
----------------------------------------
[Step] 5/10
[Train] Average loss: 143.4562
[Test] Average loss: 1.2122, Accuracy: 57.44%
[Alert] best model saved
----------------------------------------
[Step] 6/10
[Train] Average loss: 140.6566
[Test] Average loss: 1.2061, Accuracy: 57.65%
[Alert] best model saved
----------------------------------------
[Step] 7/10
[Train] Average loss: 139.3128
[Test] Average loss: 1.2024, Accuracy: 57.45%
----------------------------------------
[Step] 8/10
[Train] Average loss: 137.0889
[Test] Average loss: 1.2001, Accuracy: 57.83%
[Alert] best model saved
----------------------------------------
[Step] 9/10
[Train] Average loss: 136.1003
[Test] Average loss: 1.1813, Accuracy: 58.45%
[Alert] best model saved
----------------------------------------
[Step] 10/10
[Train] Average loss: 135.2897
[Test] Average loss: 1.1689, Accuracy: 59.13%
[Alert] best model saved
----------------------------------------
[Alert] Attribution type: lrp / Deletion of inputs: 0.6
[Step] 1/10
[Train] Average loss: 214.0508
[Test] Average loss: 1.7352, Accuracy: 40.21%
[Alert] best model saved
----------------------------------------
[Step] 2/10
[Train] Average loss: 186.9624
[Test] Average loss: 1.6779, Accuracy: 43.21%
[Alert] best model saved
----------------------------------------
[Step] 3/10
[Train] Average loss: 180.9355
[Test] Average loss: 1.6372, Accuracy: 42.81%
----------------------------------------
[Step] 4/10
[Train] Average loss: 176.5197
[Test] Average loss: 1.5885, Accuracy: 45.13%
[Alert] best model saved
----------------------------------------
[Step] 5/10
[Train] Average loss: 173.4326
[Test] Average loss: 1.5635, Accuracy: 46.41%
[Alert] best model saved
----------------------------------------
[Step] 6/10
[Train] Average loss: 170.9939
[Test] Average loss: 1.5618, Accuracy: 46.67%
[Alert] best model saved
----------------------------------------
[Step] 7/10
[Train] Average loss: 168.7694
[Test] Average loss: 1.5229, Accuracy: 47.68%
[Alert] best model saved
----------------------------------------
[Step] 8/10
[Train] Average loss: 167.1788
[Test] Average loss: 1.5348, Accuracy: 46.87%
----------------------------------------
[Step] 9/10
[Train] Average loss: 165.8517
[Test] Average loss: 1.5256, Accuracy: 47.89%
[Alert] best model saved
----------------------------------------
[Step] 10/10
[Train] Average loss: 165.1678
[Test] Average loss: 1.5153, Accuracy: 48.18%
[Alert] best model saved
----------------------------------------
[Alert] Attribution type: lrp / Deletion of inputs: 0.7
[Step] 1/10
[Train] Average loss: 246.6885
[Test] Average loss: 2.0680, Accuracy: 22.20%
[Alert] best model saved
----------------------------------------
[Step] 2/10
[Train] Average loss: 234.8470
[Test] Average loss: 2.0437, Accuracy: 23.86%
[Alert] best model saved
----------------------------------------
[Step] 3/10
[Train] Average loss: 232.4608
[Test] Average loss: 2.0361, Accuracy: 24.46%
[Alert] best model saved
----------------------------------------
[Step] 4/10
[Train] Average loss: 230.0321
[Test] Average loss: 2.0226, Accuracy: 24.56%
[Alert] best model saved
----------------------------------------
[Step] 5/10
[Train] Average loss: 228.9738
[Test] Average loss: 2.0153, Accuracy: 24.89%
[Alert] best model saved
----------------------------------------
[Step] 6/10
[Train] Average loss: 227.7774
[Test] Average loss: 2.0107, Accuracy: 25.20%
[Alert] best model saved
----------------------------------------
[Step] 7/10
[Train] Average loss: 227.0882
[Test] Average loss: 2.0095, Accuracy: 25.33%
[Alert] best model saved
----------------------------------------
[Step] 8/10
[Train] Average loss: 226.2804
[Test] Average loss: 2.0153, Accuracy: 25.11%
----------------------------------------
[Step] 9/10
[Train] Average loss: 225.9613
[Test] Average loss: 2.0083, Accuracy: 25.06%
----------------------------------------
[Step] 10/10
[Train] Average loss: 225.6390
[Test] Average loss: 1.9975, Accuracy: 25.49%
[Alert] best model saved
----------------------------------------
[Alert] Attribution type: lrp / Deletion of inputs: 0.8
[Step] 1/10
[Train] Average loss: 267.1564
[Test] Average loss: 2.2667, Accuracy: 14.78%
[Alert] best model saved
----------------------------------------
[Step] 2/10
[Train] Average loss: 261.0632
[Test] Average loss: 2.2644, Accuracy: 15.29%
[Alert] best model saved
----------------------------------------
[Step] 3/10
[Train] Average loss: 258.9166
[Test] Average loss: 2.2585, Accuracy: 14.61%
----------------------------------------
[Step] 4/10
[Train] Average loss: 257.8833
[Test] Average loss: 2.2482, Accuracy: 14.95%
----------------------------------------
[Step] 5/10
[Train] Average loss: 257.3387
[Test] Average loss: 2.2538, Accuracy: 15.58%
[Alert] best model saved
----------------------------------------
[Step] 6/10
[Train] Average loss: 256.6533
[Test] Average loss: 2.2738, Accuracy: 11.70%
----------------------------------------
[Step] 7/10
[Train] Average loss: 256.3499
[Test] Average loss: 2.2551, Accuracy: 15.65%
[Alert] best model saved
----------------------------------------
[Step] 8/10
[Train] Average loss: 255.9350
[Test] Average loss: 2.2516, Accuracy: 15.10%
----------------------------------------
[Step] 9/10
[Train] Average loss: 256.6938
[Test] Average loss: 2.2481, Accuracy: 15.78%
[Alert] best model saved
----------------------------------------
[Step] 10/10
[Train] Average loss: 255.9709
[Test] Average loss: 2.2450, Accuracy: 15.12%
----------------------------------------
[Alert] Attribution type: lrp / Deletion of inputs: 0.9
[Step] 1/10
[Train] Average loss: 266.9309
[Test] Average loss: 2.2686, Accuracy: 14.73%
[Alert] best model saved
----------------------------------------
[Step] 2/10
[Train] Average loss: 260.8009
[Test] Average loss: 2.2718, Accuracy: 14.76%
[Alert] best model saved
----------------------------------------
[Step] 3/10
[Train] Average loss: 259.0911
[Test] Average loss: 2.2563, Accuracy: 14.41%
----------------------------------------
[Step] 4/10
[Train] Average loss: 257.9681
[Test] Average loss: 2.2583, Accuracy: 15.41%
[Alert] best model saved
----------------------------------------
[Step] 5/10
[Train] Average loss: 257.2586
[Test] Average loss: 2.2538, Accuracy: 15.65%
[Alert] best model saved
----------------------------------------
[Step] 6/10
[Train] Average loss: 256.5592
[Test] Average loss: 2.2627, Accuracy: 15.61%
----------------------------------------
[Step] 7/10
[Train] Average loss: 257.1463
[Test] Average loss: 2.2564, Accuracy: 15.71%
[Alert] best model saved
----------------------------------------
[Step] 8/10
[Train] Average loss: 256.3076
[Test] Average loss: 2.2551, Accuracy: 15.55%
----------------------------------------
[Step] 9/10
[Train] Average loss: 255.8356
[Test] Average loss: 2.2576, Accuracy: 15.59%
----------------------------------------
[Step] 10/10
[Train] Average loss: 257.0026
[Test] Average loss: 2.2655, Accuracy: 15.36%
----------------------------------------
[Alert] Attribution type: gradinput / Deletion of inputs: 0.0
[Step] 1/10
[Train] Average loss: 44.5292
[Test] Average loss: 0.0906, Accuracy: 97.29%
[Alert] best model saved
----------------------------------------
[Step] 2/10
[Train] Average loss: 9.0223
[Test] Average loss: 0.0510, Accuracy: 98.29%
[Alert] best model saved
----------------------------------------
[Step] 3/10
[Train] Average loss: 6.1898
[Test] Average loss: 0.0411, Accuracy: 98.64%
[Alert] best model saved
----------------------------------------
[Step] 4/10
[Train] Average loss: 4.7901
[Test] Average loss: 0.0345, Accuracy: 98.75%
[Alert] best model saved
----------------------------------------
[Step] 5/10
[Train] Average loss: 4.0462
[Test] Average loss: 0.0328, Accuracy: 99.04%
[Alert] best model saved
----------------------------------------
[Step] 6/10
[Train] Average loss: 3.4926
[Test] Average loss: 0.0315, Accuracy: 98.86%
----------------------------------------
[Step] 7/10
[Train] Average loss: 2.9563
[Test] Average loss: 0.0281, Accuracy: 99.11%
[Alert] best model saved
----------------------------------------
[Step] 8/10
[Train] Average loss: 2.5196
[Test] Average loss: 0.0254, Accuracy: 99.11%
[Alert] best model saved
----------------------------------------
[Step] 9/10
[Train] Average loss: 2.2255
[Test] Average loss: 0.0235, Accuracy: 99.04%
----------------------------------------
[Step] 10/10
[Train] Average loss: 1.7808
[Test] Average loss: 0.0290, Accuracy: 99.03%
----------------------------------------
[Alert] Attribution type: gradinput / Deletion of inputs: 0.1
[Step] 1/10
[Train] Average loss: 200.9725
[Test] Average loss: 1.4077, Accuracy: 52.19%
[Alert] best model saved
----------------------------------------
[Step] 2/10
[Train] Average loss: 158.6332
[Test] Average loss: 1.2967, Accuracy: 54.09%
[Alert] best model saved
----------------------------------------
[Step] 3/10
[Train] Average loss: 151.1941
[Test] Average loss: 1.2549, Accuracy: 55.54%
[Alert] best model saved
----------------------------------------
[Step] 4/10
[Train] Average loss: 146.7547
[Test] Average loss: 1.2257, Accuracy: 57.41%
[Alert] best model saved
----------------------------------------
[Step] 5/10
[Train] Average loss: 143.1219
[Test] Average loss: 1.1897, Accuracy: 58.00%
[Alert] best model saved
----------------------------------------
[Step] 6/10
[Train] Average loss: 140.4586
[Test] Average loss: 1.1792, Accuracy: 58.95%
[Alert] best model saved
----------------------------------------
[Step] 7/10
[Train] Average loss: 138.3162
[Test] Average loss: 1.1774, Accuracy: 58.60%
----------------------------------------
[Step] 8/10
[Train] Average loss: 136.7892
[Test] Average loss: 1.1668, Accuracy: 58.81%
----------------------------------------
[Step] 9/10
[Train] Average loss: 135.9397
[Test] Average loss: 1.1490, Accuracy: 59.98%
[Alert] best model saved
----------------------------------------
[Step] 10/10
[Train] Average loss: 135.4111
[Test] Average loss: 1.1495, Accuracy: 59.55%
----------------------------------------
[Alert] Attribution type: gradinput / Deletion of inputs: 0.2
[Step] 1/10
[Train] Average loss: 202.3715
[Test] Average loss: 1.4187, Accuracy: 51.33%
[Alert] best model saved
----------------------------------------
[Step] 2/10
[Train] Average loss: 158.8896
[Test] Average loss: 1.2976, Accuracy: 53.76%
[Alert] best model saved
----------------------------------------
[Step] 3/10
[Train] Average loss: 150.6143
[Test] Average loss: 1.2507, Accuracy: 55.93%
[Alert] best model saved
----------------------------------------
[Step] 4/10
[Train] Average loss: 146.6666
[Test] Average loss: 1.2237, Accuracy: 56.79%
[Alert] best model saved
----------------------------------------
[Step] 5/10
[Train] Average loss: 142.8312
[Test] Average loss: 1.1907, Accuracy: 58.48%
[Alert] best model saved
----------------------------------------
[Step] 6/10
[Train] Average loss: 139.9972
[Test] Average loss: 1.1853, Accuracy: 58.57%
[Alert] best model saved
----------------------------------------
[Step] 7/10
[Train] Average loss: 138.3592
[Test] Average loss: 1.1665, Accuracy: 58.77%
[Alert] best model saved
----------------------------------------
[Step] 8/10
[Train] Average loss: 136.7940
[Test] Average loss: 1.1573, Accuracy: 59.51%
[Alert] best model saved
----------------------------------------
[Step] 9/10
[Train] Average loss: 135.2321
[Test] Average loss: 1.1763, Accuracy: 58.28%
----------------------------------------
[Step] 10/10
[Train] Average loss: 135.0795
[Test] Average loss: 1.1421, Accuracy: 59.85%
[Alert] best model saved
----------------------------------------
[Alert] Attribution type: gradinput / Deletion of inputs: 0.3
[Step] 1/10
[Train] Average loss: 201.6505
[Test] Average loss: 1.4253, Accuracy: 51.72%
[Alert] best model saved
----------------------------------------
[Step] 2/10
[Train] Average loss: 159.5246
[Test] Average loss: 1.3106, Accuracy: 53.12%
[Alert] best model saved
----------------------------------------
[Step] 3/10
[Train] Average loss: 151.0205
[Test] Average loss: 1.2816, Accuracy: 54.87%
[Alert] best model saved
----------------------------------------
[Step] 4/10
[Train] Average loss: 146.4415
[Test] Average loss: 1.2252, Accuracy: 56.79%
[Alert] best model saved
----------------------------------------
[Step] 5/10
[Train] Average loss: 142.8894
[Test] Average loss: 1.2074, Accuracy: 57.00%
[Alert] best model saved
----------------------------------------
[Step] 6/10
[Train] Average loss: 140.2332
[Test] Average loss: 1.1738, Accuracy: 58.96%
[Alert] best model saved
----------------------------------------
[Step] 7/10
[Train] Average loss: 138.6190
[Test] Average loss: 1.1836, Accuracy: 58.09%
----------------------------------------
[Step] 8/10
[Train] Average loss: 137.0075
[Test] Average loss: 1.1763, Accuracy: 58.75%
----------------------------------------
[Step] 9/10
[Train] Average loss: 135.7848
[Test] Average loss: 1.1560, Accuracy: 59.30%
[Alert] best model saved
----------------------------------------
[Step] 10/10
[Train] Average loss: 134.1605
[Test] Average loss: 1.1434, Accuracy: 59.98%
[Alert] best model saved
----------------------------------------
[Alert] Attribution type: gradinput / Deletion of inputs: 0.4
[Step] 1/10
[Train] Average loss: 200.5032
[Test] Average loss: 1.4209, Accuracy: 50.86%
[Alert] best model saved
----------------------------------------
[Step] 2/10
[Train] Average loss: 158.5160
[Test] Average loss: 1.3145, Accuracy: 53.30%
[Alert] best model saved
----------------------------------------
[Step] 3/10
[Train] Average loss: 150.8819
[Test] Average loss: 1.2513, Accuracy: 55.43%
[Alert] best model saved
----------------------------------------
[Step] 4/10
[Train] Average loss: 146.4734
[Test] Average loss: 1.2300, Accuracy: 57.11%
[Alert] best model saved
----------------------------------------
[Step] 5/10
[Train] Average loss: 142.7896
[Test] Average loss: 1.1884, Accuracy: 58.02%
[Alert] best model saved
----------------------------------------
[Step] 6/10
[Train] Average loss: 140.0546
[Test] Average loss: 1.1820, Accuracy: 58.48%
[Alert] best model saved
----------------------------------------
[Step] 7/10
[Train] Average loss: 138.0490
[Test] Average loss: 1.1641, Accuracy: 58.86%
[Alert] best model saved
----------------------------------------
[Step] 8/10
[Train] Average loss: 136.3974
[Test] Average loss: 1.1497, Accuracy: 59.37%
[Alert] best model saved
----------------------------------------
[Step] 9/10
[Train] Average loss: 135.1486
[Test] Average loss: 1.1611, Accuracy: 58.88%
----------------------------------------
[Step] 10/10
[Train] Average loss: 134.3698
[Test] Average loss: 1.1572, Accuracy: 59.47%
[Alert] best model saved
----------------------------------------
[Alert] Attribution type: gradinput / Deletion of inputs: 0.5
[Step] 1/10
[Train] Average loss: 205.5863
[Test] Average loss: 1.4732, Accuracy: 47.94%
[Alert] best model saved
----------------------------------------
[Step] 2/10
[Train] Average loss: 163.7458
[Test] Average loss: 1.3295, Accuracy: 53.14%
[Alert] best model saved
----------------------------------------
[Step] 3/10
[Train] Average loss: 154.5215
[Test] Average loss: 1.2772, Accuracy: 54.73%
[Alert] best model saved
----------------------------------------
[Step] 4/10
[Train] Average loss: 148.9328
[Test] Average loss: 1.2349, Accuracy: 56.72%
[Alert] best model saved
----------------------------------------
[Step] 5/10
[Train] Average loss: 145.1700
[Test] Average loss: 1.2162, Accuracy: 56.92%
[Alert] best model saved
----------------------------------------
[Step] 6/10
[Train] Average loss: 142.8575
[Test] Average loss: 1.2104, Accuracy: 57.09%
[Alert] best model saved
----------------------------------------
[Step] 7/10
[Train] Average loss: 140.6390
[Test] Average loss: 1.1952, Accuracy: 57.16%
[Alert] best model saved
----------------------------------------
[Step] 8/10
[Train] Average loss: 138.9408
[Test] Average loss: 1.1775, Accuracy: 58.73%
[Alert] best model saved
----------------------------------------
[Step] 9/10
[Train] Average loss: 137.5434
[Test] Average loss: 1.1685, Accuracy: 59.01%
[Alert] best model saved
----------------------------------------
[Step] 10/10
[Train] Average loss: 135.9305
[Test] Average loss: 1.1700, Accuracy: 58.91%
----------------------------------------
[Alert] Attribution type: gradinput / Deletion of inputs: 0.6
[Step] 1/10
[Train] Average loss: 223.4965
[Test] Average loss: 1.6993, Accuracy: 41.44%
[Alert] best model saved
----------------------------------------
[Step] 2/10
[Train] Average loss: 194.2019
[Test] Average loss: 1.6065, Accuracy: 44.56%
[Alert] best model saved
----------------------------------------
[Step] 3/10
[Train] Average loss: 187.5060
[Test] Average loss: 1.5721, Accuracy: 46.02%
[Alert] best model saved
----------------------------------------
[Step] 4/10
[Train] Average loss: 182.9321
[Test] Average loss: 1.5557, Accuracy: 46.51%
[Alert] best model saved
----------------------------------------
[Step] 5/10
[Train] Average loss: 180.1774
[Test] Average loss: 1.5230, Accuracy: 47.90%
[Alert] best model saved
----------------------------------------
[Step] 6/10
[Train] Average loss: 177.3184
[Test] Average loss: 1.5151, Accuracy: 47.88%
----------------------------------------
[Step] 7/10
[Train] Average loss: 175.7957
[Test] Average loss: 1.4900, Accuracy: 48.71%
[Alert] best model saved
----------------------------------------
[Step] 8/10
[Train] Average loss: 174.0842
[Test] Average loss: 1.4821, Accuracy: 49.09%
[Alert] best model saved
----------------------------------------
[Step] 9/10
[Train] Average loss: 172.5261
[Test] Average loss: 1.4866, Accuracy: 49.16%
[Alert] best model saved
----------------------------------------
[Step] 10/10
[Train] Average loss: 171.0112
[Test] Average loss: 1.4652, Accuracy: 49.57%
[Alert] best model saved
----------------------------------------
[Alert] Attribution type: gradinput / Deletion of inputs: 0.7
[Step] 1/10
[Train] Average loss: 247.4730
[Test] Average loss: 2.0186, Accuracy: 25.76%
[Alert] best model saved
----------------------------------------
[Step] 2/10
[Train] Average loss: 235.2476
[Test] Average loss: 1.9914, Accuracy: 25.90%
[Alert] best model saved
----------------------------------------
[Step] 3/10
[Train] Average loss: 233.0251
[Test] Average loss: 1.9744, Accuracy: 26.46%
[Alert] best model saved
----------------------------------------
[Step] 4/10
[Train] Average loss: 231.3744
[Test] Average loss: 1.9620, Accuracy: 26.97%
[Alert] best model saved
----------------------------------------
[Step] 5/10
[Train] Average loss: 229.9765
[Test] Average loss: 1.9563, Accuracy: 26.26%
----------------------------------------
[Step] 6/10
[Train] Average loss: 228.8609
[Test] Average loss: 1.9449, Accuracy: 27.43%
[Alert] best model saved
----------------------------------------
[Step] 7/10
[Train] Average loss: 228.5010
[Test] Average loss: 1.9430, Accuracy: 27.87%
[Alert] best model saved
----------------------------------------
[Step] 8/10
[Train] Average loss: 227.7536
[Test] Average loss: 1.9438, Accuracy: 27.72%
----------------------------------------
[Step] 9/10
[Train] Average loss: 227.2092
[Test] Average loss: 1.9358, Accuracy: 28.09%
[Alert] best model saved
----------------------------------------
[Step] 10/10
[Train] Average loss: 226.7858
[Test] Average loss: 1.9362, Accuracy: 28.02%
----------------------------------------
[Alert] Attribution type: gradinput / Deletion of inputs: 0.8
[Step] 1/10
[Train] Average loss: 268.3208
[Test] Average loss: 2.2273, Accuracy: 16.78%
[Alert] best model saved
----------------------------------------
[Step] 2/10
[Train] Average loss: 261.6336
[Test] Average loss: 2.2160, Accuracy: 17.08%
[Alert] best model saved
----------------------------------------
[Step] 3/10
[Train] Average loss: 260.2351
[Test] Average loss: 2.2041, Accuracy: 17.65%
[Alert] best model saved
----------------------------------------
[Step] 4/10
[Train] Average loss: 258.9888
[Test] Average loss: 2.1956, Accuracy: 17.69%
[Alert] best model saved
----------------------------------------
[Step] 5/10
[Train] Average loss: 258.4954
[Test] Average loss: 2.1920, Accuracy: 18.11%
[Alert] best model saved
----------------------------------------
[Step] 6/10
[Train] Average loss: 257.7394
[Test] Average loss: 2.1883, Accuracy: 18.11%
[Alert] best model saved
----------------------------------------
[Step] 7/10
[Train] Average loss: 257.1802
[Test] Average loss: 2.1900, Accuracy: 18.19%
[Alert] best model saved
----------------------------------------
[Step] 8/10
[Train] Average loss: 256.7697
[Test] Average loss: 2.1925, Accuracy: 16.91%
----------------------------------------
[Step] 9/10
[Train] Average loss: 256.3460
[Test] Average loss: 2.1863, Accuracy: 18.21%
[Alert] best model saved
----------------------------------------
[Step] 10/10
[Train] Average loss: 256.1921
[Test] Average loss: 2.2312, Accuracy: 13.59%
----------------------------------------
[Alert] Attribution type: gradinput / Deletion of inputs: 0.9
[Step] 1/10
[Train] Average loss: 268.0763
[Test] Average loss: 2.2260, Accuracy: 16.92%
[Alert] best model saved
----------------------------------------
[Step] 2/10
[Train] Average loss: 261.9142
[Test] Average loss: 2.2156, Accuracy: 17.44%
[Alert] best model saved
----------------------------------------
[Step] 3/10
[Train] Average loss: 260.4889
[Test] Average loss: 2.2068, Accuracy: 17.56%
[Alert] best model saved
----------------------------------------
[Step] 4/10
[Train] Average loss: 259.3367
[Test] Average loss: 2.2062, Accuracy: 17.59%
[Alert] best model saved
----------------------------------------
[Step] 5/10
[Train] Average loss: 258.3817
[Test] Average loss: 2.1941, Accuracy: 16.30%
----------------------------------------
[Step] 6/10
[Train] Average loss: 257.8251
[Test] Average loss: 2.1920, Accuracy: 16.79%
----------------------------------------
[Step] 7/10
[Train] Average loss: 257.2367
[Test] Average loss: 2.1884, Accuracy: 18.13%
[Alert] best model saved
----------------------------------------
[Step] 8/10
[Train] Average loss: 256.8670
[Test] Average loss: 2.1866, Accuracy: 18.38%
[Alert] best model saved
----------------------------------------
[Step] 9/10
[Train] Average loss: 256.5309
[Test] Average loss: 2.1877, Accuracy: 18.19%
----------------------------------------
[Step] 10/10
[Train] Average loss: 256.2840
[Test] Average loss: 2.1881, Accuracy: 18.18%
----------------------------------------
