[Alert] Training cnn-relu manual_seed=73
[Alert] Attribution type: lrp / Deletion of inputs: 0.0
[Step] 1/10
[Train] Average loss: 46.1171
[Test] Average loss: 0.0889, Accuracy: 97.19%
[Alert] best model saved
----------------------------------------
[Step] 2/10
[Train] Average loss: 9.4531
[Test] Average loss: 0.0537, Accuracy: 98.28%
[Alert] best model saved
----------------------------------------
[Step] 3/10
[Train] Average loss: 6.5802
[Test] Average loss: 0.0438, Accuracy: 98.62%
[Alert] best model saved
----------------------------------------
[Step] 4/10
[Train] Average loss: 5.0828
[Test] Average loss: 0.0446, Accuracy: 98.49%
----------------------------------------
[Step] 5/10
[Train] Average loss: 4.3840
[Test] Average loss: 0.0405, Accuracy: 98.67%
[Alert] best model saved
----------------------------------------
[Step] 6/10
[Train] Average loss: 3.6835
[Test] Average loss: 0.0317, Accuracy: 98.96%
[Alert] best model saved
----------------------------------------
[Step] 7/10
[Train] Average loss: 3.0774
[Test] Average loss: 0.0261, Accuracy: 99.13%
[Alert] best model saved
----------------------------------------
[Step] 8/10
[Train] Average loss: 2.7174
[Test] Average loss: 0.0308, Accuracy: 98.98%
----------------------------------------
[Step] 9/10
[Train] Average loss: 2.2517
[Test] Average loss: 0.0288, Accuracy: 99.02%
----------------------------------------
[Step] 10/10
[Train] Average loss: 2.0975
[Test] Average loss: 0.0267, Accuracy: 99.02%
----------------------------------------
[Alert] Attribution type: lrp / Deletion of inputs: 0.1
[Step] 1/10
[Train] Average loss: 195.9548
[Test] Average loss: 1.4234, Accuracy: 50.33%
[Alert] best model saved
----------------------------------------
[Step] 2/10
[Train] Average loss: 162.0380
[Test] Average loss: 1.3194, Accuracy: 53.65%
[Alert] best model saved
----------------------------------------
[Step] 3/10
[Train] Average loss: 152.6696
[Test] Average loss: 1.2717, Accuracy: 54.82%
[Alert] best model saved
----------------------------------------
[Step] 4/10
[Train] Average loss: 147.7244
[Test] Average loss: 1.2366, Accuracy: 56.29%
[Alert] best model saved
----------------------------------------
[Step] 5/10
[Train] Average loss: 144.1544
[Test] Average loss: 1.2053, Accuracy: 57.75%
[Alert] best model saved
----------------------------------------
[Step] 6/10
[Train] Average loss: 141.3868
[Test] Average loss: 1.1911, Accuracy: 57.91%
[Alert] best model saved
----------------------------------------
[Step] 7/10
[Train] Average loss: 139.5912
[Test] Average loss: 1.1804, Accuracy: 58.22%
[Alert] best model saved
----------------------------------------
[Step] 8/10
[Train] Average loss: 137.9864
[Test] Average loss: 1.1848, Accuracy: 58.23%
[Alert] best model saved
----------------------------------------
[Step] 9/10
[Train] Average loss: 137.1594
[Test] Average loss: 1.1664, Accuracy: 58.56%
[Alert] best model saved
----------------------------------------
[Step] 10/10
[Train] Average loss: 135.1407
[Test] Average loss: 1.1666, Accuracy: 59.33%
[Alert] best model saved
----------------------------------------
[Alert] Attribution type: lrp / Deletion of inputs: 0.2
[Step] 1/10
[Train] Average loss: 135.1270
[Test] Average loss: 1.1511, Accuracy: 59.43%
[Alert] best model saved
----------------------------------------
[Step] 2/10
[Train] Average loss: 133.5288
[Test] Average loss: 1.1585, Accuracy: 59.26%
----------------------------------------
[Step] 3/10
[Train] Average loss: 133.0296
[Test] Average loss: 1.1402, Accuracy: 59.73%
[Alert] best model saved
----------------------------------------
[Step] 4/10
[Train] Average loss: 132.2790
[Test] Average loss: 1.1372, Accuracy: 60.25%
[Alert] best model saved
----------------------------------------
[Step] 5/10
[Train] Average loss: 131.3298
[Test] Average loss: 1.1542, Accuracy: 60.02%
----------------------------------------
[Step] 6/10
[Train] Average loss: 131.1786
[Test] Average loss: 1.1323, Accuracy: 60.55%
[Alert] best model saved
----------------------------------------
[Step] 7/10
[Train] Average loss: 129.9236
[Test] Average loss: 1.1277, Accuracy: 60.32%
----------------------------------------
[Step] 8/10
[Train] Average loss: 129.1463
[Test] Average loss: 1.1303, Accuracy: 60.32%
----------------------------------------
[Step] 9/10
[Train] Average loss: 128.9292
[Test] Average loss: 1.1160, Accuracy: 60.81%
[Alert] best model saved
----------------------------------------
[Step] 10/10
[Train] Average loss: 127.8989
[Test] Average loss: 1.1110, Accuracy: 61.38%
[Alert] best model saved
----------------------------------------
[Alert] Attribution type: lrp / Deletion of inputs: 0.3
[Step] 1/10
[Train] Average loss: 127.7114
[Test] Average loss: 1.1220, Accuracy: 60.21%
[Alert] best model saved
----------------------------------------
[Step] 2/10
[Train] Average loss: 127.0107
[Test] Average loss: 1.1116, Accuracy: 60.83%
[Alert] best model saved
----------------------------------------
[Step] 3/10
[Train] Average loss: 126.6251
[Test] Average loss: 1.1115, Accuracy: 60.89%
[Alert] best model saved
----------------------------------------
[Step] 4/10
[Train] Average loss: 125.9304
[Test] Average loss: 1.1025, Accuracy: 61.14%
[Alert] best model saved
----------------------------------------
[Step] 5/10
[Train] Average loss: 125.1108
[Test] Average loss: 1.1055, Accuracy: 61.50%
[Alert] best model saved
----------------------------------------
[Step] 6/10
[Train] Average loss: 125.1142
[Test] Average loss: 1.1038, Accuracy: 61.47%
----------------------------------------
[Step] 7/10
[Train] Average loss: 124.4399
[Test] Average loss: 1.1024, Accuracy: 61.51%
[Alert] best model saved
----------------------------------------
[Step] 8/10
[Train] Average loss: 123.8750
[Test] Average loss: 1.1015, Accuracy: 61.86%
[Alert] best model saved
----------------------------------------
[Step] 9/10
[Train] Average loss: 123.5121
[Test] Average loss: 1.1172, Accuracy: 61.08%
----------------------------------------
[Step] 10/10
[Train] Average loss: 122.8641
[Test] Average loss: 1.0986, Accuracy: 61.83%
----------------------------------------
[Alert] Attribution type: lrp / Deletion of inputs: 0.4
[Step] 1/10
[Train] Average loss: 123.8459
[Test] Average loss: 1.1050, Accuracy: 61.76%
[Alert] best model saved
----------------------------------------
[Step] 2/10
[Train] Average loss: 123.1779
[Test] Average loss: 1.0965, Accuracy: 62.07%
[Alert] best model saved
----------------------------------------
[Step] 3/10
[Train] Average loss: 122.2020
[Test] Average loss: 1.1017, Accuracy: 62.09%
[Alert] best model saved
----------------------------------------
[Step] 4/10
[Train] Average loss: 121.8875
[Test] Average loss: 1.0966, Accuracy: 62.14%
[Alert] best model saved
----------------------------------------
[Step] 5/10
[Train] Average loss: 121.7214
[Test] Average loss: 1.1018, Accuracy: 61.76%
----------------------------------------
[Step] 6/10
[Train] Average loss: 121.0690
[Test] Average loss: 1.1016, Accuracy: 61.98%
----------------------------------------
[Step] 7/10
[Train] Average loss: 120.6241
[Test] Average loss: 1.0981, Accuracy: 62.08%
----------------------------------------
[Step] 8/10
[Train] Average loss: 120.0924
[Test] Average loss: 1.1042, Accuracy: 62.09%
----------------------------------------
[Step] 9/10
[Train] Average loss: 119.7447
[Test] Average loss: 1.1074, Accuracy: 62.26%
[Alert] best model saved
----------------------------------------
[Step] 10/10
[Train] Average loss: 119.7373
[Test] Average loss: 1.0977, Accuracy: 62.28%
[Alert] best model saved
----------------------------------------
[Alert] Attribution type: lrp / Deletion of inputs: 0.5
[Step] 1/10
[Train] Average loss: 119.4114
[Test] Average loss: 1.1038, Accuracy: 61.47%
[Alert] best model saved
----------------------------------------
[Step] 2/10
[Train] Average loss: 118.6836
[Test] Average loss: 1.1109, Accuracy: 61.62%
[Alert] best model saved
----------------------------------------
[Step] 3/10
[Train] Average loss: 118.2223
[Test] Average loss: 1.1090, Accuracy: 61.63%
[Alert] best model saved
----------------------------------------
[Step] 4/10
[Train] Average loss: 117.4102
[Test] Average loss: 1.1240, Accuracy: 61.07%
----------------------------------------
[Step] 5/10
[Train] Average loss: 117.4877
[Test] Average loss: 1.1033, Accuracy: 62.20%
[Alert] best model saved
----------------------------------------
[Step] 6/10
[Train] Average loss: 116.8668
[Test] Average loss: 1.1067, Accuracy: 62.01%
----------------------------------------
[Step] 7/10
[Train] Average loss: 116.7517
[Test] Average loss: 1.1148, Accuracy: 61.14%
----------------------------------------
[Step] 8/10
[Train] Average loss: 116.1910
[Test] Average loss: 1.1164, Accuracy: 61.59%
----------------------------------------
[Step] 9/10
[Train] Average loss: 115.6177
[Test] Average loss: 1.1182, Accuracy: 61.65%
----------------------------------------
[Step] 10/10
[Train] Average loss: 115.3237
[Test] Average loss: 1.1158, Accuracy: 61.59%
----------------------------------------
[Alert] Attribution type: lrp / Deletion of inputs: 0.6
[Step] 1/10
[Train] Average loss: 167.0470
[Test] Average loss: 1.3893, Accuracy: 48.86%
[Alert] best model saved
----------------------------------------
[Step] 2/10
[Train] Average loss: 157.4044
[Test] Average loss: 1.3651, Accuracy: 50.32%
[Alert] best model saved
----------------------------------------
[Step] 3/10
[Train] Average loss: 154.6579
[Test] Average loss: 1.3514, Accuracy: 50.44%
[Alert] best model saved
----------------------------------------
[Step] 4/10
[Train] Average loss: 153.1136
[Test] Average loss: 1.3471, Accuracy: 50.78%
[Alert] best model saved
----------------------------------------
[Step] 5/10
[Train] Average loss: 151.9515
[Test] Average loss: 1.3468, Accuracy: 50.66%
----------------------------------------
[Step] 6/10
[Train] Average loss: 150.8877
[Test] Average loss: 1.3488, Accuracy: 51.18%
[Alert] best model saved
----------------------------------------
[Step] 7/10
[Train] Average loss: 150.1107
[Test] Average loss: 1.3409, Accuracy: 50.94%
----------------------------------------
[Step] 8/10
[Train] Average loss: 149.3797
[Test] Average loss: 1.3437, Accuracy: 51.00%
----------------------------------------
[Step] 9/10
[Train] Average loss: 148.5312
[Test] Average loss: 1.3454, Accuracy: 51.02%
----------------------------------------
[Step] 10/10
[Train] Average loss: 148.2716
[Test] Average loss: 1.3433, Accuracy: 50.80%
----------------------------------------
[Alert] Attribution type: lrp / Deletion of inputs: 0.7
[Step] 1/10
[Train] Average loss: 244.0110
[Test] Average loss: 2.0576, Accuracy: 21.81%
[Alert] best model saved
----------------------------------------
[Step] 2/10
[Train] Average loss: 239.3875
[Test] Average loss: 2.0580, Accuracy: 21.87%
[Alert] best model saved
----------------------------------------
[Step] 3/10
[Train] Average loss: 238.8725
[Test] Average loss: 2.0525, Accuracy: 21.73%
----------------------------------------
[Step] 4/10
[Train] Average loss: 238.4813
[Test] Average loss: 2.0512, Accuracy: 21.89%
[Alert] best model saved
----------------------------------------
[Step] 5/10
[Train] Average loss: 238.2241
[Test] Average loss: 2.0511, Accuracy: 21.99%
[Alert] best model saved
----------------------------------------
[Step] 6/10
[Train] Average loss: 237.8849
[Test] Average loss: 2.0524, Accuracy: 21.69%
----------------------------------------
[Step] 7/10
[Train] Average loss: 237.6205
[Test] Average loss: 2.0492, Accuracy: 20.63%
----------------------------------------
[Step] 8/10
[Train] Average loss: 237.4274
[Test] Average loss: 2.0508, Accuracy: 21.87%
----------------------------------------
[Step] 9/10
[Train] Average loss: 237.3994
[Test] Average loss: 2.0489, Accuracy: 21.73%
----------------------------------------
[Step] 10/10
[Train] Average loss: 237.2017
[Test] Average loss: 2.0523, Accuracy: 21.81%
----------------------------------------
[Alert] Attribution type: lrp / Deletion of inputs: 0.8
[Step] 1/10
[Train] Average loss: 271.8348
[Test] Average loss: 2.3012, Accuracy: 11.35%
[Alert] best model saved
----------------------------------------
[Step] 2/10
[Train] Average loss: 271.6130
[Test] Average loss: 2.3010, Accuracy: 11.35%
[Alert] best model saved
----------------------------------------
[Step] 3/10
[Train] Average loss: 271.6092
[Test] Average loss: 2.3010, Accuracy: 11.35%
[Alert] best model saved
----------------------------------------
[Step] 4/10
[Train] Average loss: 271.5639
[Test] Average loss: 2.3014, Accuracy: 11.35%
[Alert] best model saved
----------------------------------------
[Step] 5/10
[Train] Average loss: 271.5813
[Test] Average loss: 2.3009, Accuracy: 11.35%
[Alert] best model saved
----------------------------------------
[Step] 6/10
[Train] Average loss: 271.5679
[Test] Average loss: 2.3010, Accuracy: 11.35%
[Alert] best model saved
----------------------------------------
[Step] 7/10
[Train] Average loss: 271.5733
[Test] Average loss: 2.3009, Accuracy: 11.36%
[Alert] best model saved
----------------------------------------
[Step] 8/10
[Train] Average loss: 271.5374
[Test] Average loss: 2.3010, Accuracy: 11.36%
[Alert] best model saved
----------------------------------------
[Step] 9/10
[Train] Average loss: 271.5282
[Test] Average loss: 2.5350, Accuracy: 9.58%
----------------------------------------
[Step] 10/10
[Train] Average loss: 271.8133
[Test] Average loss: 2.3011, Accuracy: 11.35%
----------------------------------------
[Alert] Attribution type: lrp / Deletion of inputs: 0.9
[Step] 1/10
[Train] Average loss: 271.5662
[Test] Average loss: 2.3020, Accuracy: 11.35%
[Alert] best model saved
----------------------------------------
[Step] 2/10
[Train] Average loss: 271.6591
[Test] Average loss: 2.3126, Accuracy: 9.58%
----------------------------------------
[Step] 3/10
[Train] Average loss: 271.5881
[Test] Average loss: 2.3011, Accuracy: 11.35%
[Alert] best model saved
----------------------------------------
[Step] 4/10
[Train] Average loss: 271.5553
[Test] Average loss: 2.3025, Accuracy: 11.35%
[Alert] best model saved
----------------------------------------
[Step] 5/10
[Train] Average loss: 271.5586
[Test] Average loss: 2.3011, Accuracy: 11.35%
[Alert] best model saved
----------------------------------------
[Step] 6/10
[Train] Average loss: 271.5567
[Test] Average loss: 2.3011, Accuracy: 11.35%
[Alert] best model saved
----------------------------------------
[Step] 7/10
[Train] Average loss: 271.5559
[Test] Average loss: 2.3013, Accuracy: 11.35%
[Alert] best model saved
----------------------------------------
[Step] 8/10
[Train] Average loss: 271.5548
[Test] Average loss: 2.3011, Accuracy: 11.35%
[Alert] best model saved
----------------------------------------
[Step] 9/10
[Train] Average loss: 271.5582
[Test] Average loss: 2.3010, Accuracy: 11.35%
[Alert] best model saved
----------------------------------------
[Step] 10/10
[Train] Average loss: 271.5612
[Test] Average loss: 2.3012, Accuracy: 11.35%
[Alert] best model saved
----------------------------------------
[Alert] Attribution type: gradinput / Deletion of inputs: 0.0
[Step] 1/10
[Train] Average loss: 44.5249
[Test] Average loss: 0.0923, Accuracy: 97.17%
[Alert] best model saved
----------------------------------------
[Step] 2/10
[Train] Average loss: 9.0115
[Test] Average loss: 0.0511, Accuracy: 98.33%
[Alert] best model saved
----------------------------------------
[Step] 3/10
[Train] Average loss: 6.1808
[Test] Average loss: 0.0409, Accuracy: 98.63%
[Alert] best model saved
----------------------------------------
[Step] 4/10
[Train] Average loss: 4.7924
[Test] Average loss: 0.0347, Accuracy: 98.73%
[Alert] best model saved
----------------------------------------
[Step] 5/10
[Train] Average loss: 4.0361
[Test] Average loss: 0.0330, Accuracy: 99.02%
[Alert] best model saved
----------------------------------------
[Step] 6/10
[Train] Average loss: 3.4823
[Test] Average loss: 0.0316, Accuracy: 98.85%
----------------------------------------
[Step] 7/10
[Train] Average loss: 2.9661
[Test] Average loss: 0.0287, Accuracy: 99.08%
[Alert] best model saved
----------------------------------------
[Step] 8/10
[Train] Average loss: 2.4889
[Test] Average loss: 0.0263, Accuracy: 99.09%
[Alert] best model saved
----------------------------------------
[Step] 9/10
[Train] Average loss: 2.2088
[Test] Average loss: 0.0234, Accuracy: 99.12%
[Alert] best model saved
----------------------------------------
[Step] 10/10
[Train] Average loss: 1.7850
[Test] Average loss: 0.0309, Accuracy: 98.94%
----------------------------------------
[Alert] Attribution type: gradinput / Deletion of inputs: 0.1
[Step] 1/10
[Train] Average loss: 201.8114
[Test] Average loss: 1.4305, Accuracy: 51.31%
[Alert] best model saved
----------------------------------------
[Step] 2/10
[Train] Average loss: 159.7242
[Test] Average loss: 1.3020, Accuracy: 53.93%
[Alert] best model saved
----------------------------------------
[Step] 3/10
[Train] Average loss: 151.5150
[Test] Average loss: 1.2573, Accuracy: 55.63%
[Alert] best model saved
----------------------------------------
[Step] 4/10
[Train] Average loss: 146.9655
[Test] Average loss: 1.2278, Accuracy: 57.20%
[Alert] best model saved
----------------------------------------
[Step] 5/10
[Train] Average loss: 142.9112
[Test] Average loss: 1.1928, Accuracy: 57.79%
[Alert] best model saved
----------------------------------------
[Step] 6/10
[Train] Average loss: 140.2491
[Test] Average loss: 1.1771, Accuracy: 58.99%
[Alert] best model saved
----------------------------------------
[Step] 7/10
[Train] Average loss: 137.8522
[Test] Average loss: 1.1721, Accuracy: 58.92%
----------------------------------------
[Step] 8/10
[Train] Average loss: 136.2719
[Test] Average loss: 1.1650, Accuracy: 59.00%
[Alert] best model saved
----------------------------------------
[Step] 9/10
[Train] Average loss: 135.3644
[Test] Average loss: 1.1453, Accuracy: 59.88%
[Alert] best model saved
----------------------------------------
[Step] 10/10
[Train] Average loss: 134.7255
[Test] Average loss: 1.1485, Accuracy: 59.80%
----------------------------------------
[Alert] Attribution type: gradinput / Deletion of inputs: 0.2
[Step] 1/10
[Train] Average loss: 134.6067
[Test] Average loss: 1.1523, Accuracy: 59.84%
[Alert] best model saved
----------------------------------------
[Step] 2/10
[Train] Average loss: 133.4590
[Test] Average loss: 1.1448, Accuracy: 60.02%
[Alert] best model saved
----------------------------------------
[Step] 3/10
[Train] Average loss: 132.7619
[Test] Average loss: 1.1321, Accuracy: 60.42%
[Alert] best model saved
----------------------------------------
[Step] 4/10
[Train] Average loss: 132.2977
[Test] Average loss: 1.1299, Accuracy: 60.62%
[Alert] best model saved
----------------------------------------
[Step] 5/10
[Train] Average loss: 130.9538
[Test] Average loss: 1.1172, Accuracy: 60.81%
[Alert] best model saved
----------------------------------------
[Step] 6/10
[Train] Average loss: 130.0501
[Test] Average loss: 1.1208, Accuracy: 60.71%
----------------------------------------
[Step] 7/10
[Train] Average loss: 129.5205
[Test] Average loss: 1.1153, Accuracy: 60.87%
[Alert] best model saved
----------------------------------------
[Step] 8/10
[Train] Average loss: 128.6946
[Test] Average loss: 1.1191, Accuracy: 60.90%
[Alert] best model saved
----------------------------------------
[Step] 9/10
[Train] Average loss: 127.9624
[Test] Average loss: 1.1218, Accuracy: 60.48%
----------------------------------------
[Step] 10/10
[Train] Average loss: 127.9254
[Test] Average loss: 1.1114, Accuracy: 61.04%
[Alert] best model saved
----------------------------------------
[Alert] Attribution type: gradinput / Deletion of inputs: 0.3
[Step] 1/10
[Train] Average loss: 127.3395
[Test] Average loss: 1.1153, Accuracy: 60.74%
[Alert] best model saved
----------------------------------------
[Step] 2/10
[Train] Average loss: 126.5113
[Test] Average loss: 1.1077, Accuracy: 61.46%
[Alert] best model saved
----------------------------------------
[Step] 3/10
[Train] Average loss: 126.1770
[Test] Average loss: 1.1085, Accuracy: 61.03%
----------------------------------------
[Step] 4/10
[Train] Average loss: 125.4083
[Test] Average loss: 1.1004, Accuracy: 61.89%
[Alert] best model saved
----------------------------------------
[Step] 5/10
[Train] Average loss: 124.8346
[Test] Average loss: 1.1054, Accuracy: 61.53%
----------------------------------------
[Step] 6/10
[Train] Average loss: 124.0625
[Test] Average loss: 1.1072, Accuracy: 61.27%
----------------------------------------
[Step] 7/10
[Train] Average loss: 123.7280
[Test] Average loss: 1.1056, Accuracy: 61.62%
----------------------------------------
[Step] 8/10
[Train] Average loss: 123.1166
[Test] Average loss: 1.1049, Accuracy: 61.56%
----------------------------------------
[Step] 9/10
[Train] Average loss: 122.5622
[Test] Average loss: 1.1057, Accuracy: 61.78%
----------------------------------------
[Step] 10/10
[Train] Average loss: 122.0660
[Test] Average loss: 1.1065, Accuracy: 61.15%
----------------------------------------
[Alert] Attribution type: gradinput / Deletion of inputs: 0.4
[Step] 1/10
[Train] Average loss: 124.8329
[Test] Average loss: 1.1052, Accuracy: 61.44%
[Alert] best model saved
----------------------------------------
[Step] 2/10
[Train] Average loss: 124.3313
[Test] Average loss: 1.1111, Accuracy: 60.74%
----------------------------------------
[Step] 3/10
[Train] Average loss: 123.8568
[Test] Average loss: 1.1000, Accuracy: 61.37%
----------------------------------------
[Step] 4/10
[Train] Average loss: 123.1093
[Test] Average loss: 1.0964, Accuracy: 61.36%
----------------------------------------
[Step] 5/10
[Train] Average loss: 122.7803
[Test] Average loss: 1.0952, Accuracy: 62.13%
[Alert] best model saved
----------------------------------------
[Step] 6/10
[Train] Average loss: 122.2678
[Test] Average loss: 1.0988, Accuracy: 61.74%
----------------------------------------
[Step] 7/10
[Train] Average loss: 121.8469
[Test] Average loss: 1.1081, Accuracy: 61.42%
----------------------------------------
[Step] 8/10
[Train] Average loss: 121.2549
[Test] Average loss: 1.0986, Accuracy: 61.47%
----------------------------------------
[Step] 9/10
[Train] Average loss: 120.5911
[Test] Average loss: 1.0993, Accuracy: 61.62%
----------------------------------------
[Step] 10/10
[Train] Average loss: 120.5110
[Test] Average loss: 1.1064, Accuracy: 61.18%
----------------------------------------
[Alert] Attribution type: gradinput / Deletion of inputs: 0.5
[Step] 1/10
[Train] Average loss: 122.3708
[Test] Average loss: 1.0977, Accuracy: 61.21%
[Alert] best model saved
----------------------------------------
[Step] 2/10
[Train] Average loss: 121.7379
[Test] Average loss: 1.1003, Accuracy: 61.10%
----------------------------------------
[Step] 3/10
[Train] Average loss: 121.5381
[Test] Average loss: 1.1031, Accuracy: 61.25%
[Alert] best model saved
----------------------------------------
[Step] 4/10
[Train] Average loss: 120.5272
[Test] Average loss: 1.1028, Accuracy: 61.49%
[Alert] best model saved
----------------------------------------
[Step] 5/10
[Train] Average loss: 120.5631
[Test] Average loss: 1.1126, Accuracy: 61.19%
----------------------------------------
[Step] 6/10
[Train] Average loss: 120.2244
[Test] Average loss: 1.1013, Accuracy: 61.51%
[Alert] best model saved
----------------------------------------
[Step] 7/10
[Train] Average loss: 119.3922
[Test] Average loss: 1.1018, Accuracy: 61.20%
----------------------------------------
[Step] 8/10
[Train] Average loss: 119.0789
[Test] Average loss: 1.1018, Accuracy: 61.63%
[Alert] best model saved
----------------------------------------
[Step] 9/10
[Train] Average loss: 118.3641
[Test] Average loss: 1.1002, Accuracy: 61.51%
----------------------------------------
[Step] 10/10
[Train] Average loss: 117.9908
[Test] Average loss: 1.1034, Accuracy: 61.30%
----------------------------------------
[Alert] Attribution type: gradinput / Deletion of inputs: 0.6
[Step] 1/10
[Train] Average loss: 164.7374
[Test] Average loss: 1.3385, Accuracy: 52.52%
[Alert] best model saved
----------------------------------------
[Step] 2/10
[Train] Average loss: 154.9019
[Test] Average loss: 1.3063, Accuracy: 53.49%
[Alert] best model saved
----------------------------------------
[Step] 3/10
[Train] Average loss: 151.7970
[Test] Average loss: 1.2931, Accuracy: 54.75%
[Alert] best model saved
----------------------------------------
[Step] 4/10
[Train] Average loss: 150.1449
[Test] Average loss: 1.3088, Accuracy: 53.98%
----------------------------------------
[Step] 5/10
[Train] Average loss: 148.5478
[Test] Average loss: 1.2754, Accuracy: 55.47%
[Alert] best model saved
----------------------------------------
[Step] 6/10
[Train] Average loss: 147.1779
[Test] Average loss: 1.2674, Accuracy: 55.49%
[Alert] best model saved
----------------------------------------
[Step] 7/10
[Train] Average loss: 146.1355
[Test] Average loss: 1.2660, Accuracy: 55.72%
[Alert] best model saved
----------------------------------------
[Step] 8/10
[Train] Average loss: 145.0971
[Test] Average loss: 1.2617, Accuracy: 56.02%
[Alert] best model saved
----------------------------------------
[Step] 9/10
[Train] Average loss: 143.8729
[Test] Average loss: 1.2656, Accuracy: 55.75%
----------------------------------------
[Step] 10/10
[Train] Average loss: 143.3613
[Test] Average loss: 1.2606, Accuracy: 56.40%
[Alert] best model saved
----------------------------------------
[Alert] Attribution type: gradinput / Deletion of inputs: 0.7
[Step] 1/10
[Train] Average loss: 240.8558
[Test] Average loss: 2.0219, Accuracy: 23.27%
[Alert] best model saved
----------------------------------------
[Step] 2/10
[Train] Average loss: 236.4785
[Test] Average loss: 2.0172, Accuracy: 23.47%
[Alert] best model saved
----------------------------------------
[Step] 3/10
[Train] Average loss: 236.0134
[Test] Average loss: 2.0117, Accuracy: 23.49%
[Alert] best model saved
----------------------------------------
[Step] 4/10
[Train] Average loss: 235.5688
[Test] Average loss: 2.0135, Accuracy: 23.47%
----------------------------------------
[Step] 5/10
[Train] Average loss: 235.2424
[Test] Average loss: 2.0114, Accuracy: 22.00%
----------------------------------------
[Step] 6/10
[Train] Average loss: 235.1238
[Test] Average loss: 2.0082, Accuracy: 23.42%
----------------------------------------
[Step] 7/10
[Train] Average loss: 234.7574
[Test] Average loss: 2.0085, Accuracy: 23.40%
----------------------------------------
[Step] 8/10
[Train] Average loss: 234.6352
[Test] Average loss: 2.0142, Accuracy: 23.28%
----------------------------------------
[Step] 9/10
[Train] Average loss: 234.5050
[Test] Average loss: 2.0103, Accuracy: 23.36%
----------------------------------------
[Step] 10/10
[Train] Average loss: 234.2791
[Test] Average loss: 2.0148, Accuracy: 23.35%
----------------------------------------
[Alert] Attribution type: gradinput / Deletion of inputs: 0.8
[Step] 1/10
[Train] Average loss: 271.9758
[Test] Average loss: 2.3013, Accuracy: 11.35%
[Alert] best model saved
----------------------------------------
[Step] 2/10
[Train] Average loss: 271.6181
[Test] Average loss: 2.3012, Accuracy: 11.35%
[Alert] best model saved
----------------------------------------
[Step] 3/10
[Train] Average loss: 271.5852
[Test] Average loss: 2.3040, Accuracy: 9.58%
----------------------------------------
[Step] 4/10
[Train] Average loss: 271.5684
[Test] Average loss: 2.3011, Accuracy: 11.35%
[Alert] best model saved
----------------------------------------
[Step] 5/10
[Train] Average loss: 271.5523
[Test] Average loss: 2.3010, Accuracy: 11.35%
[Alert] best model saved
----------------------------------------
[Step] 6/10
[Train] Average loss: 271.5612
[Test] Average loss: 2.3010, Accuracy: 11.35%
[Alert] best model saved
----------------------------------------
[Step] 7/10
[Train] Average loss: 271.5802
[Test] Average loss: 2.3011, Accuracy: 11.35%
[Alert] best model saved
----------------------------------------
[Step] 8/10
[Train] Average loss: 271.5633
[Test] Average loss: 2.3011, Accuracy: 11.35%
[Alert] best model saved
----------------------------------------
[Step] 9/10
[Train] Average loss: 271.5527
[Test] Average loss: 2.3012, Accuracy: 11.35%
[Alert] best model saved
----------------------------------------
[Step] 10/10
[Train] Average loss: 271.5586
[Test] Average loss: 2.3012, Accuracy: 11.35%
[Alert] best model saved
----------------------------------------
[Alert] Attribution type: gradinput / Deletion of inputs: 0.9
[Step] 1/10
[Train] Average loss: 271.5735
[Test] Average loss: 2.3011, Accuracy: 11.35%
[Alert] best model saved
----------------------------------------
[Step] 2/10
[Train] Average loss: 271.5649
[Test] Average loss: 2.3010, Accuracy: 11.35%
[Alert] best model saved
----------------------------------------
[Step] 3/10
[Train] Average loss: 271.5773
[Test] Average loss: 2.3012, Accuracy: 11.35%
[Alert] best model saved
----------------------------------------
[Step] 4/10
[Train] Average loss: 271.5718
[Test] Average loss: 2.3011, Accuracy: 11.35%
[Alert] best model saved
----------------------------------------
[Step] 5/10
[Train] Average loss: 271.5737
[Test] Average loss: 2.3011, Accuracy: 11.35%
[Alert] best model saved
----------------------------------------
[Step] 6/10
[Train] Average loss: 271.5695
[Test] Average loss: 2.3011, Accuracy: 11.35%
[Alert] best model saved
----------------------------------------
[Step] 7/10
[Train] Average loss: 271.5720
[Test] Average loss: 2.3012, Accuracy: 11.35%
[Alert] best model saved
----------------------------------------
[Step] 8/10
[Train] Average loss: 271.5636
[Test] Average loss: 2.3011, Accuracy: 11.35%
[Alert] best model saved
----------------------------------------
[Step] 9/10
[Train] Average loss: 271.5633
[Test] Average loss: 2.3010, Accuracy: 11.35%
[Alert] best model saved
----------------------------------------
[Step] 10/10
[Train] Average loss: 271.5690
[Test] Average loss: 2.3012, Accuracy: 11.35%
[Alert] best model saved
----------------------------------------
