[Training dnn-relu] manual_seed=73

[Step] 1/20
[Train] Average loss: 146.9341
[Test] Average loss: 0.1646, Accuracy: 94.62%
[Alert] best model saved
----------------------------------------
[Step] 2/20
[Train] Average loss: 63.0685
[Test] Average loss: 0.1034, Accuracy: 96.62%
[Alert] best model saved
----------------------------------------
[Step] 3/20
[Train] Average loss: 45.7024
[Test] Average loss: 0.1018, Accuracy: 96.82%
[Alert] best model saved
----------------------------------------
[Step] 4/20
[Train] Average loss: 36.8087
[Test] Average loss: 0.0811, Accuracy: 97.49%
[Alert] best model saved
----------------------------------------
[Step] 5/20
[Train] Average loss: 31.3166
[Test] Average loss: 0.0910, Accuracy: 97.20%
----------------------------------------
[Step] 6/20
[Train] Average loss: 27.2086
[Test] Average loss: 0.0756, Accuracy: 97.79%
[Alert] best model saved
----------------------------------------
[Step] 7/20
[Train] Average loss: 23.5988
[Test] Average loss: 0.0992, Accuracy: 97.18%
----------------------------------------
[Step] 8/20
[Train] Average loss: 20.8144
[Test] Average loss: 0.0929, Accuracy: 97.38%
----------------------------------------
[Step] 9/20
[Train] Average loss: 18.6748
[Test] Average loss: 0.0787, Accuracy: 97.93%
[Alert] best model saved
----------------------------------------
[Step] 10/20
[Train] Average loss: 15.9488
[Test] Average loss: 0.0961, Accuracy: 97.39%
----------------------------------------
[Step] 11/20
[Train] Average loss: 15.4244
[Test] Average loss: 0.0921, Accuracy: 97.55%
----------------------------------------
[Step] 12/20
[Train] Average loss: 13.7260
[Test] Average loss: 0.0816, Accuracy: 97.79%
----------------------------------------
[Step] 13/20
[Train] Average loss: 12.8017
[Test] Average loss: 0.0955, Accuracy: 97.53%
----------------------------------------
[Step] 14/20
[Train] Average loss: 10.8400
[Test] Average loss: 0.0878, Accuracy: 97.78%
----------------------------------------
[Step] 15/20
[Train] Average loss: 11.6655
[Test] Average loss: 0.1149, Accuracy: 97.23%
----------------------------------------
[Step] 16/20
[Train] Average loss: 10.9277
[Test] Average loss: 0.1023, Accuracy: 97.73%
----------------------------------------
[Step] 17/20
[Train] Average loss: 10.3361
[Test] Average loss: 0.0953, Accuracy: 97.83%
----------------------------------------
[Step] 18/20
[Train] Average loss: 7.4310
[Test] Average loss: 0.0914, Accuracy: 98.14%
[Alert] best model saved
----------------------------------------
[Step] 19/20
[Train] Average loss: 12.8747
[Test] Average loss: 0.1112, Accuracy: 97.61%
----------------------------------------
[Step] 20/20
[Train] Average loss: 8.6751
[Test] Average loss: 0.0816, Accuracy: 98.33%
[Alert] best model saved
----------------------------------------
[Training dnn-tanh] manual_seed=73

[Step] 1/20
[Train] Average loss: 143.4084
[Test] Average loss: 0.1862, Accuracy: 94.22%
[Alert] best model saved
----------------------------------------
[Step] 2/20
[Train] Average loss: 65.2105
[Test] Average loss: 0.1186, Accuracy: 96.28%
[Alert] best model saved
----------------------------------------
[Step] 3/20
[Train] Average loss: 45.3532
[Test] Average loss: 0.1038, Accuracy: 96.75%
[Alert] best model saved
----------------------------------------
[Step] 4/20
[Train] Average loss: 36.9834
[Test] Average loss: 0.0855, Accuracy: 97.29%
[Alert] best model saved
----------------------------------------
[Step] 5/20
[Train] Average loss: 31.8609
[Test] Average loss: 0.1106, Accuracy: 96.52%
----------------------------------------
[Step] 6/20
[Train] Average loss: 29.3696
[Test] Average loss: 0.1046, Accuracy: 96.78%
----------------------------------------
[Step] 7/20
[Train] Average loss: 27.4051
[Test] Average loss: 0.0968, Accuracy: 96.96%
----------------------------------------
[Step] 8/20
[Train] Average loss: 24.3026
[Test] Average loss: 0.0993, Accuracy: 97.02%
----------------------------------------
[Step] 9/20
[Train] Average loss: 23.0155
[Test] Average loss: 0.0776, Accuracy: 97.59%
[Alert] best model saved
----------------------------------------
[Step] 10/20
[Train] Average loss: 22.4657
[Test] Average loss: 0.0883, Accuracy: 97.44%
----------------------------------------
[Step] 11/20
[Train] Average loss: 21.6519
[Test] Average loss: 0.0787, Accuracy: 97.65%
[Alert] best model saved
----------------------------------------
[Step] 12/20
[Train] Average loss: 21.4988
[Test] Average loss: 0.0804, Accuracy: 97.54%
----------------------------------------
[Step] 13/20
[Train] Average loss: 20.2922
[Test] Average loss: 0.0980, Accuracy: 96.86%
----------------------------------------
[Step] 14/20
[Train] Average loss: 19.8702
[Test] Average loss: 0.0972, Accuracy: 97.09%
----------------------------------------
[Step] 15/20
[Train] Average loss: 21.4342
[Test] Average loss: 0.0968, Accuracy: 97.15%
----------------------------------------
[Step] 16/20
[Train] Average loss: 18.1929
[Test] Average loss: 0.0828, Accuracy: 97.52%
----------------------------------------
[Step] 17/20
[Train] Average loss: 17.5478
[Test] Average loss: 0.0906, Accuracy: 97.28%
----------------------------------------
[Step] 18/20
[Train] Average loss: 16.0521
[Test] Average loss: 0.0819, Accuracy: 97.44%
----------------------------------------
[Step] 19/20
[Train] Average loss: 20.4339
[Test] Average loss: 0.1079, Accuracy: 96.99%
----------------------------------------
[Step] 20/20
[Train] Average loss: 19.4792
[Test] Average loss: 0.1037, Accuracy: 96.71%
----------------------------------------
[Training dnn-sigmoid] manual_seed=73

[Step] 1/20
[Train] Average loss: 228.7531
[Test] Average loss: 0.2368, Accuracy: 92.57%
[Alert] best model saved
----------------------------------------
[Step] 2/20
[Train] Average loss: 87.4927
[Test] Average loss: 0.1442, Accuracy: 95.55%
[Alert] best model saved
----------------------------------------
[Step] 3/20
[Train] Average loss: 58.3353
[Test] Average loss: 0.1134, Accuracy: 96.50%
[Alert] best model saved
----------------------------------------
[Step] 4/20
[Train] Average loss: 44.7549
[Test] Average loss: 0.0894, Accuracy: 97.09%
[Alert] best model saved
----------------------------------------
[Step] 5/20
[Train] Average loss: 35.5823
[Test] Average loss: 0.0909, Accuracy: 97.01%
----------------------------------------
[Step] 6/20
[Train] Average loss: 30.2885
[Test] Average loss: 0.0854, Accuracy: 97.33%
[Alert] best model saved
----------------------------------------
[Step] 7/20
[Train] Average loss: 25.5628
[Test] Average loss: 0.0872, Accuracy: 97.19%
----------------------------------------
[Step] 8/20
[Train] Average loss: 21.4479
[Test] Average loss: 0.0808, Accuracy: 97.56%
[Alert] best model saved
----------------------------------------
[Step] 9/20
[Train] Average loss: 19.3257
[Test] Average loss: 0.0664, Accuracy: 97.97%
[Alert] best model saved
----------------------------------------
[Step] 10/20
[Train] Average loss: 15.8541
[Test] Average loss: 0.0786, Accuracy: 97.53%
----------------------------------------
[Step] 11/20
[Train] Average loss: 13.6707
[Test] Average loss: 0.0666, Accuracy: 97.93%
----------------------------------------
[Step] 12/20
[Train] Average loss: 13.8390
[Test] Average loss: 0.0741, Accuracy: 97.67%
----------------------------------------
[Step] 13/20
[Train] Average loss: 11.3263
[Test] Average loss: 0.1007, Accuracy: 96.97%
----------------------------------------
[Step] 14/20
[Train] Average loss: 10.0003
[Test] Average loss: 0.0832, Accuracy: 97.81%
----------------------------------------
[Step] 15/20
[Train] Average loss: 8.6762
[Test] Average loss: 0.0681, Accuracy: 98.03%
[Alert] best model saved
----------------------------------------
[Step] 16/20
[Train] Average loss: 9.8028
[Test] Average loss: 0.0733, Accuracy: 98.08%
[Alert] best model saved
----------------------------------------
[Step] 17/20
[Train] Average loss: 10.0597
[Test] Average loss: 0.0804, Accuracy: 97.75%
----------------------------------------
[Step] 18/20
[Train] Average loss: 8.1905
[Test] Average loss: 0.0756, Accuracy: 97.87%
----------------------------------------
[Step] 19/20
[Train] Average loss: 7.1485
[Test] Average loss: 0.0890, Accuracy: 97.81%
----------------------------------------
[Step] 20/20
[Train] Average loss: 8.8662
[Test] Average loss: 0.0992, Accuracy: 97.30%
----------------------------------------
[Training dnn-softplus] manual_seed=73

[Step] 1/20
[Train] Average loss: 178.9267
[Test] Average loss: 0.1962, Accuracy: 93.61%
[Alert] best model saved
----------------------------------------
[Step] 2/20
[Train] Average loss: 69.5622
[Test] Average loss: 0.1020, Accuracy: 96.64%
[Alert] best model saved
----------------------------------------
[Step] 3/20
[Train] Average loss: 47.8624
[Test] Average loss: 0.0945, Accuracy: 97.06%
[Alert] best model saved
----------------------------------------
[Step] 4/20
[Train] Average loss: 37.6414
[Test] Average loss: 0.0812, Accuracy: 97.32%
[Alert] best model saved
----------------------------------------
[Step] 5/20
[Train] Average loss: 30.9536
[Test] Average loss: 0.0841, Accuracy: 97.29%
----------------------------------------
[Step] 6/20
[Train] Average loss: 25.6874
[Test] Average loss: 0.0753, Accuracy: 97.72%
[Alert] best model saved
----------------------------------------
[Step] 7/20
[Train] Average loss: 21.9318
[Test] Average loss: 0.0851, Accuracy: 97.58%
----------------------------------------
[Step] 8/20
[Train] Average loss: 18.4912
[Test] Average loss: 0.0985, Accuracy: 97.16%
----------------------------------------
[Step] 9/20
[Train] Average loss: 17.1582
[Test] Average loss: 0.0743, Accuracy: 97.83%
[Alert] best model saved
----------------------------------------
[Step] 10/20
[Train] Average loss: 14.4148
[Test] Average loss: 0.0800, Accuracy: 97.75%
----------------------------------------
[Step] 11/20
[Train] Average loss: 11.7221
[Test] Average loss: 0.0824, Accuracy: 97.92%
[Alert] best model saved
----------------------------------------
[Step] 12/20
[Train] Average loss: 13.4764
[Test] Average loss: 0.0727, Accuracy: 98.04%
[Alert] best model saved
----------------------------------------
[Step] 13/20
[Train] Average loss: 10.7540
[Test] Average loss: 0.0820, Accuracy: 97.99%
----------------------------------------
[Step] 14/20
[Train] Average loss: 9.7732
[Test] Average loss: 0.0862, Accuracy: 97.76%
----------------------------------------
[Step] 15/20
[Train] Average loss: 9.3812
[Test] Average loss: 0.0949, Accuracy: 97.56%
----------------------------------------
[Step] 16/20
[Train] Average loss: 8.0992
[Test] Average loss: 0.1004, Accuracy: 97.87%
----------------------------------------
[Step] 17/20
[Train] Average loss: 8.8654
[Test] Average loss: 0.0815, Accuracy: 98.13%
[Alert] best model saved
----------------------------------------
[Step] 18/20
[Train] Average loss: 6.6884
[Test] Average loss: 0.0786, Accuracy: 98.20%
[Alert] best model saved
----------------------------------------
[Step] 19/20
[Train] Average loss: 8.0477
[Test] Average loss: 0.0959, Accuracy: 97.92%
----------------------------------------
[Step] 20/20
[Train] Average loss: 6.7499
[Test] Average loss: 0.0994, Accuracy: 97.93%
----------------------------------------
[Training cnn-relu] manual_seed=73

[Step] 1/20
[Train] Average loss: 76.0454
[Test] Average loss: 0.0582, Accuracy: 97.99%
[Alert] best model saved
----------------------------------------
[Step] 2/20
[Train] Average loss: 20.9285
[Test] Average loss: 0.0353, Accuracy: 98.78%
[Alert] best model saved
----------------------------------------
[Step] 3/20
[Train] Average loss: 13.1036
[Test] Average loss: 0.0470, Accuracy: 98.44%
----------------------------------------
[Step] 4/20
[Train] Average loss: 8.9861
[Test] Average loss: 0.0345, Accuracy: 98.88%
[Alert] best model saved
----------------------------------------
[Step] 5/20
[Train] Average loss: 6.2050
[Test] Average loss: 0.0356, Accuracy: 98.87%
----------------------------------------
[Step] 6/20
[Train] Average loss: 4.9687
[Test] Average loss: 0.0362, Accuracy: 99.12%
[Alert] best model saved
----------------------------------------
[Step] 7/20
[Train] Average loss: 3.7646
[Test] Average loss: 0.0408, Accuracy: 98.79%
----------------------------------------
[Step] 8/20
[Train] Average loss: 3.5879
[Test] Average loss: 0.0446, Accuracy: 98.86%
----------------------------------------
[Step] 9/20
[Train] Average loss: 2.8909
[Test] Average loss: 0.0455, Accuracy: 98.82%
----------------------------------------
[Step] 10/20
[Train] Average loss: 3.1534
[Test] Average loss: 0.0411, Accuracy: 98.97%
----------------------------------------
[Step] 11/20
[Train] Average loss: 3.0648
[Test] Average loss: 0.0429, Accuracy: 99.04%
----------------------------------------
[Step] 12/20
[Train] Average loss: 2.1262
[Test] Average loss: 0.0582, Accuracy: 98.62%
----------------------------------------
[Step] 13/20
[Train] Average loss: 2.4808
[Test] Average loss: 0.0446, Accuracy: 99.00%
----------------------------------------
[Step] 14/20
[Train] Average loss: 1.8707
[Test] Average loss: 0.0442, Accuracy: 98.98%
----------------------------------------
[Step] 15/20
[Train] Average loss: 2.1183
[Test] Average loss: 0.0479, Accuracy: 98.96%
----------------------------------------
[Step] 16/20
[Train] Average loss: 1.3393
[Test] Average loss: 0.0451, Accuracy: 99.05%
----------------------------------------
[Step] 17/20
[Train] Average loss: 1.9949
[Test] Average loss: 0.0502, Accuracy: 98.94%
----------------------------------------
[Step] 18/20
[Train] Average loss: 1.2451
[Test] Average loss: 0.0458, Accuracy: 99.01%
----------------------------------------
[Step] 19/20
[Train] Average loss: 1.7385
[Test] Average loss: 0.0546, Accuracy: 98.99%
----------------------------------------
[Step] 20/20
[Train] Average loss: 1.9738
[Test] Average loss: 0.0509, Accuracy: 98.99%
----------------------------------------
[Training cnn-tanh] manual_seed=73

[Step] 1/20
[Train] Average loss: 87.4510
[Test] Average loss: 0.0711, Accuracy: 97.88%
[Alert] best model saved
----------------------------------------
[Step] 2/20
[Train] Average loss: 26.4854
[Test] Average loss: 0.0516, Accuracy: 98.45%
[Alert] best model saved
----------------------------------------
[Step] 3/20
[Train] Average loss: 18.0049
[Test] Average loss: 0.0506, Accuracy: 98.46%
[Alert] best model saved
----------------------------------------
[Step] 4/20
[Train] Average loss: 14.3744
[Test] Average loss: 0.0493, Accuracy: 98.55%
[Alert] best model saved
----------------------------------------
[Step] 5/20
[Train] Average loss: 11.8266
[Test] Average loss: 0.0489, Accuracy: 98.33%
----------------------------------------
[Step] 6/20
[Train] Average loss: 9.1890
[Test] Average loss: 0.0449, Accuracy: 98.51%
----------------------------------------
[Step] 7/20
[Train] Average loss: 7.8990
[Test] Average loss: 0.0515, Accuracy: 98.36%
----------------------------------------
[Step] 8/20
[Train] Average loss: 8.2112
[Test] Average loss: 0.0504, Accuracy: 98.51%
----------------------------------------
[Step] 9/20
[Train] Average loss: 7.9466
[Test] Average loss: 0.0497, Accuracy: 98.42%
----------------------------------------
[Step] 10/20
[Train] Average loss: 7.2910
[Test] Average loss: 0.0673, Accuracy: 97.99%
----------------------------------------
[Step] 11/20
[Train] Average loss: 7.1296
[Test] Average loss: 0.0542, Accuracy: 98.35%
----------------------------------------
[Step] 12/20
[Train] Average loss: 7.0901
[Test] Average loss: 0.0583, Accuracy: 98.30%
----------------------------------------
[Step] 13/20
[Train] Average loss: 6.3474
[Test] Average loss: 0.0518, Accuracy: 98.44%
----------------------------------------
[Step] 14/20
[Train] Average loss: 6.5001
[Test] Average loss: 0.0596, Accuracy: 98.19%
----------------------------------------
[Step] 15/20
[Train] Average loss: 6.4281
[Test] Average loss: 0.0485, Accuracy: 98.57%
[Alert] best model saved
----------------------------------------
[Step] 16/20
[Train] Average loss: 5.8411
[Test] Average loss: 0.0536, Accuracy: 98.53%
----------------------------------------
[Step] 17/20
[Train] Average loss: 5.4336
[Test] Average loss: 0.0484, Accuracy: 98.51%
----------------------------------------
[Step] 18/20
[Train] Average loss: 4.9897
[Test] Average loss: 0.0548, Accuracy: 98.41%
----------------------------------------
[Step] 19/20
[Train] Average loss: 4.6212
[Test] Average loss: 0.0623, Accuracy: 98.22%
----------------------------------------
[Step] 20/20
[Train] Average loss: 5.0992
[Test] Average loss: 0.0550, Accuracy: 98.46%
----------------------------------------
[Training cnn-sigmoid] manual_seed=73

[Step] 1/20
[Train] Average loss: 411.9560
[Test] Average loss: 0.2396, Accuracy: 93.68%
[Alert] best model saved
----------------------------------------
[Step] 2/20
[Train] Average loss: 81.1909
[Test] Average loss: 0.1285, Accuracy: 96.35%
[Alert] best model saved
----------------------------------------
[Step] 3/20
[Train] Average loss: 46.0574
[Test] Average loss: 0.0827, Accuracy: 97.53%
[Alert] best model saved
----------------------------------------
[Step] 4/20
[Train] Average loss: 30.1007
[Test] Average loss: 0.0624, Accuracy: 98.05%
[Alert] best model saved
----------------------------------------
[Step] 5/20
[Train] Average loss: 22.5751
[Test] Average loss: 0.0565, Accuracy: 98.28%
[Alert] best model saved
----------------------------------------
[Step] 6/20
[Train] Average loss: 17.2021
[Test] Average loss: 0.0527, Accuracy: 98.27%
----------------------------------------
[Step] 7/20
[Train] Average loss: 13.2232
[Test] Average loss: 0.0459, Accuracy: 98.59%
[Alert] best model saved
----------------------------------------
[Step] 8/20
[Train] Average loss: 10.2972
[Test] Average loss: 0.0434, Accuracy: 98.69%
[Alert] best model saved
----------------------------------------
[Step] 9/20
[Train] Average loss: 7.5402
[Test] Average loss: 0.0434, Accuracy: 98.58%
----------------------------------------
[Step] 10/20
[Train] Average loss: 6.1528
[Test] Average loss: 0.0378, Accuracy: 98.80%
[Alert] best model saved
----------------------------------------
[Step] 11/20
[Train] Average loss: 4.3431
[Test] Average loss: 0.0408, Accuracy: 98.71%
----------------------------------------
[Step] 12/20
[Train] Average loss: 3.1296
[Test] Average loss: 0.0396, Accuracy: 98.73%
----------------------------------------
[Step] 13/20
[Train] Average loss: 2.3985
[Test] Average loss: 0.0389, Accuracy: 98.84%
[Alert] best model saved
----------------------------------------
[Step] 14/20
[Train] Average loss: 1.7661
[Test] Average loss: 0.0407, Accuracy: 98.68%
----------------------------------------
[Step] 15/20
[Train] Average loss: 1.4538
[Test] Average loss: 0.0404, Accuracy: 98.78%
----------------------------------------
[Step] 16/20
[Train] Average loss: 4.0733
[Test] Average loss: 0.0442, Accuracy: 98.52%
----------------------------------------
[Step] 17/20
[Train] Average loss: 2.5046
[Test] Average loss: 0.0405, Accuracy: 98.82%
----------------------------------------
[Step] 18/20
[Train] Average loss: 0.8591
[Test] Average loss: 0.0367, Accuracy: 98.96%
[Alert] best model saved
----------------------------------------
[Step] 19/20
[Train] Average loss: 0.3882
[Test] Average loss: 0.0379, Accuracy: 98.93%
----------------------------------------
[Step] 20/20
[Train] Average loss: 0.2900
[Test] Average loss: 0.0381, Accuracy: 98.93%
----------------------------------------
[Training cnn-softplus] manual_seed=73

[Step] 1/20
[Train] Average loss: 362.1210
[Test] Average loss: 0.1959, Accuracy: 94.20%
[Alert] best model saved
----------------------------------------
[Step] 2/20
[Train] Average loss: 55.3024
[Test] Average loss: 0.0830, Accuracy: 97.37%
[Alert] best model saved
----------------------------------------
[Step] 3/20
[Train] Average loss: 31.4093
[Test] Average loss: 0.0546, Accuracy: 98.27%
[Alert] best model saved
----------------------------------------
[Step] 4/20
[Train] Average loss: 22.5215
[Test] Average loss: 0.0517, Accuracy: 98.38%
[Alert] best model saved
----------------------------------------
[Step] 5/20
[Train] Average loss: 17.6130
[Test] Average loss: 0.0432, Accuracy: 98.66%
[Alert] best model saved
----------------------------------------
[Step] 6/20
[Train] Average loss: 13.3509
[Test] Average loss: 0.0524, Accuracy: 98.49%
----------------------------------------
[Step] 7/20
[Train] Average loss: 10.5465
[Test] Average loss: 0.0464, Accuracy: 98.73%
[Alert] best model saved
----------------------------------------
[Step] 8/20
[Train] Average loss: 8.4615
[Test] Average loss: 0.0483, Accuracy: 98.64%
----------------------------------------
[Step] 9/20
[Train] Average loss: 7.2048
[Test] Average loss: 0.0468, Accuracy: 98.73%
[Alert] best model saved
----------------------------------------
[Step] 10/20
[Train] Average loss: 5.3474
[Test] Average loss: 0.0550, Accuracy: 98.69%
----------------------------------------
[Step] 11/20
[Train] Average loss: 4.2043
[Test] Average loss: 0.0640, Accuracy: 98.51%
----------------------------------------
[Step] 12/20
[Train] Average loss: 4.6805
[Test] Average loss: 0.0619, Accuracy: 98.49%
----------------------------------------
[Step] 13/20
[Train] Average loss: 4.0756
[Test] Average loss: 0.0666, Accuracy: 98.57%
----------------------------------------
[Step] 14/20
[Train] Average loss: 3.3214
[Test] Average loss: 0.0552, Accuracy: 98.76%
[Alert] best model saved
----------------------------------------
[Step] 15/20
[Train] Average loss: 2.7813
[Test] Average loss: 0.0611, Accuracy: 98.67%
----------------------------------------
[Step] 16/20
[Train] Average loss: 2.8195
[Test] Average loss: 0.0727, Accuracy: 98.55%
----------------------------------------
[Step] 17/20
[Train] Average loss: 2.3461
[Test] Average loss: 0.0704, Accuracy: 98.64%
----------------------------------------
[Step] 18/20
[Train] Average loss: 2.7944
[Test] Average loss: 0.0646, Accuracy: 98.84%
[Alert] best model saved
----------------------------------------
[Step] 19/20
[Train] Average loss: 2.5241
[Test] Average loss: 0.0607, Accuracy: 98.89%
[Alert] best model saved
----------------------------------------
[Step] 20/20
[Train] Average loss: 3.3160
[Test] Average loss: 0.0875, Accuracy: 98.57%
----------------------------------------
