[Alert] Training cnn-relu manual_seed=73
[Alert] Attribution type: lrp / Deletion of inputs: 0.0
[Step] 1/10
[Train] Average loss: 46.1199
[Test] Average loss: 0.0889, Accuracy: 97.19%
[Alert] best model saved
----------------------------------------
[Step] 2/10
[Train] Average loss: 9.4619
[Test] Average loss: 0.0535, Accuracy: 98.33%
[Alert] best model saved
----------------------------------------
[Step] 3/10
[Train] Average loss: 6.5890
[Test] Average loss: 0.0440, Accuracy: 98.62%
[Alert] best model saved
----------------------------------------
[Step] 4/10
[Train] Average loss: 5.0942
[Test] Average loss: 0.0452, Accuracy: 98.51%
----------------------------------------
[Step] 5/10
[Train] Average loss: 4.4183
[Test] Average loss: 0.0415, Accuracy: 98.67%
[Alert] best model saved
----------------------------------------
[Step] 6/10
[Train] Average loss: 3.7188
[Test] Average loss: 0.0316, Accuracy: 98.98%
[Alert] best model saved
----------------------------------------
[Step] 7/10
[Train] Average loss: 3.0901
[Test] Average loss: 0.0259, Accuracy: 99.19%
[Alert] best model saved
----------------------------------------
[Step] 8/10
[Train] Average loss: 2.7303
[Test] Average loss: 0.0316, Accuracy: 98.93%
----------------------------------------
[Step] 9/10
[Train] Average loss: 2.2839
[Test] Average loss: 0.0295, Accuracy: 98.99%
----------------------------------------
[Step] 10/10
[Train] Average loss: 2.0782
[Test] Average loss: 0.0274, Accuracy: 98.99%
----------------------------------------
[Alert] Attribution type: lrp / Deletion of inputs: 0.1
[Step] 1/10
[Train] Average loss: 195.3825
[Test] Average loss: 1.4213, Accuracy: 50.07%
[Alert] best model saved
----------------------------------------
[Step] 2/10
[Train] Average loss: 161.2921
[Test] Average loss: 1.3086, Accuracy: 54.21%
[Alert] best model saved
----------------------------------------
[Step] 3/10
[Train] Average loss: 151.8996
[Test] Average loss: 1.2672, Accuracy: 55.52%
[Alert] best model saved
----------------------------------------
[Step] 4/10
[Train] Average loss: 146.8204
[Test] Average loss: 1.2262, Accuracy: 57.05%
[Alert] best model saved
----------------------------------------
[Step] 5/10
[Train] Average loss: 143.1180
[Test] Average loss: 1.1972, Accuracy: 57.70%
[Alert] best model saved
----------------------------------------
[Step] 6/10
[Train] Average loss: 140.6382
[Test] Average loss: 1.1841, Accuracy: 58.16%
[Alert] best model saved
----------------------------------------
[Step] 7/10
[Train] Average loss: 138.5602
[Test] Average loss: 1.1734, Accuracy: 58.28%
[Alert] best model saved
----------------------------------------
[Step] 8/10
[Train] Average loss: 136.9167
[Test] Average loss: 1.1617, Accuracy: 58.93%
[Alert] best model saved
----------------------------------------
[Step] 9/10
[Train] Average loss: 136.1510
[Test] Average loss: 1.1531, Accuracy: 59.35%
[Alert] best model saved
----------------------------------------
[Step] 10/10
[Train] Average loss: 134.4192
[Test] Average loss: 1.1569, Accuracy: 59.34%
----------------------------------------
[Alert] Attribution type: lrp / Deletion of inputs: 0.2
[Step] 1/10
[Train] Average loss: 135.7624
[Test] Average loss: 1.1430, Accuracy: 59.85%
[Alert] best model saved
----------------------------------------
[Step] 2/10
[Train] Average loss: 133.6177
[Test] Average loss: 1.1501, Accuracy: 59.35%
----------------------------------------
[Step] 3/10
[Train] Average loss: 133.0002
[Test] Average loss: 1.1301, Accuracy: 60.23%
[Alert] best model saved
----------------------------------------
[Step] 4/10
[Train] Average loss: 132.4580
[Test] Average loss: 1.1319, Accuracy: 60.37%
[Alert] best model saved
----------------------------------------
[Step] 5/10
[Train] Average loss: 131.1632
[Test] Average loss: 1.1314, Accuracy: 60.69%
[Alert] best model saved
----------------------------------------
[Step] 6/10
[Train] Average loss: 130.8694
[Test] Average loss: 1.1261, Accuracy: 60.73%
[Alert] best model saved
----------------------------------------
[Step] 7/10
[Train] Average loss: 129.9681
[Test] Average loss: 1.1242, Accuracy: 60.49%
----------------------------------------
[Step] 8/10
[Train] Average loss: 129.1788
[Test] Average loss: 1.1268, Accuracy: 59.91%
----------------------------------------
[Step] 9/10
[Train] Average loss: 128.9194
[Test] Average loss: 1.1122, Accuracy: 60.93%
[Alert] best model saved
----------------------------------------
[Step] 10/10
[Train] Average loss: 127.7629
[Test] Average loss: 1.1058, Accuracy: 61.31%
[Alert] best model saved
----------------------------------------
[Alert] Attribution type: lrp / Deletion of inputs: 0.3
[Step] 1/10
[Train] Average loss: 127.8884
[Test] Average loss: 1.1156, Accuracy: 60.65%
[Alert] best model saved
----------------------------------------
[Step] 2/10
[Train] Average loss: 126.7093
[Test] Average loss: 1.1025, Accuracy: 60.93%
[Alert] best model saved
----------------------------------------
[Step] 3/10
[Train] Average loss: 126.5486
[Test] Average loss: 1.1051, Accuracy: 61.27%
[Alert] best model saved
----------------------------------------
[Step] 4/10
[Train] Average loss: 125.8391
[Test] Average loss: 1.1002, Accuracy: 61.45%
[Alert] best model saved
----------------------------------------
[Step] 5/10
[Train] Average loss: 124.9823
[Test] Average loss: 1.0989, Accuracy: 61.14%
----------------------------------------
[Step] 6/10
[Train] Average loss: 124.9706
[Test] Average loss: 1.0934, Accuracy: 61.50%
[Alert] best model saved
----------------------------------------
[Step] 7/10
[Train] Average loss: 124.2854
[Test] Average loss: 1.1025, Accuracy: 60.95%
----------------------------------------
[Step] 8/10
[Train] Average loss: 123.7344
[Test] Average loss: 1.0980, Accuracy: 61.45%
----------------------------------------
[Step] 9/10
[Train] Average loss: 123.4124
[Test] Average loss: 1.1106, Accuracy: 61.25%
----------------------------------------
[Step] 10/10
[Train] Average loss: 123.0240
[Test] Average loss: 1.0997, Accuracy: 61.47%
----------------------------------------
[Alert] Attribution type: lrp / Deletion of inputs: 0.4
[Step] 1/10
[Train] Average loss: 124.8560
[Test] Average loss: 1.0951, Accuracy: 61.60%
[Alert] best model saved
----------------------------------------
[Step] 2/10
[Train] Average loss: 124.0098
[Test] Average loss: 1.0954, Accuracy: 61.55%
----------------------------------------
[Step] 3/10
[Train] Average loss: 123.1849
[Test] Average loss: 1.0954, Accuracy: 61.61%
[Alert] best model saved
----------------------------------------
[Step] 4/10
[Train] Average loss: 122.9818
[Test] Average loss: 1.0931, Accuracy: 61.48%
----------------------------------------
[Step] 5/10
[Train] Average loss: 122.6004
[Test] Average loss: 1.1063, Accuracy: 61.36%
----------------------------------------
[Step] 6/10
[Train] Average loss: 121.9264
[Test] Average loss: 1.0998, Accuracy: 61.43%
----------------------------------------
[Step] 7/10
[Train] Average loss: 121.1618
[Test] Average loss: 1.0912, Accuracy: 61.53%
----------------------------------------
[Step] 8/10
[Train] Average loss: 120.7405
[Test] Average loss: 1.1015, Accuracy: 61.33%
----------------------------------------
[Step] 9/10
[Train] Average loss: 120.6508
[Test] Average loss: 1.0957, Accuracy: 61.52%
----------------------------------------
[Step] 10/10
[Train] Average loss: 120.2207
[Test] Average loss: 1.0947, Accuracy: 61.36%
----------------------------------------
[Alert] Attribution type: lrp / Deletion of inputs: 0.5
[Step] 1/10
[Train] Average loss: 123.2442
[Test] Average loss: 1.0941, Accuracy: 61.47%
[Alert] best model saved
----------------------------------------
[Step] 2/10
[Train] Average loss: 122.5239
[Test] Average loss: 1.0999, Accuracy: 61.05%
----------------------------------------
[Step] 3/10
[Train] Average loss: 122.1690
[Test] Average loss: 1.1001, Accuracy: 61.23%
----------------------------------------
[Step] 4/10
[Train] Average loss: 121.0999
[Test] Average loss: 1.1175, Accuracy: 60.71%
----------------------------------------
[Step] 5/10
[Train] Average loss: 121.3403
[Test] Average loss: 1.0927, Accuracy: 61.34%
----------------------------------------
[Step] 6/10
[Train] Average loss: 120.6089
[Test] Average loss: 1.1001, Accuracy: 61.49%
[Alert] best model saved
----------------------------------------
[Step] 7/10
[Train] Average loss: 120.7530
[Test] Average loss: 1.1025, Accuracy: 61.19%
----------------------------------------
[Step] 8/10
[Train] Average loss: 119.7029
[Test] Average loss: 1.1005, Accuracy: 61.61%
[Alert] best model saved
----------------------------------------
[Step] 9/10
[Train] Average loss: 119.1343
[Test] Average loss: 1.1041, Accuracy: 61.39%
----------------------------------------
[Step] 10/10
[Train] Average loss: 118.8782
[Test] Average loss: 1.1041, Accuracy: 61.13%
----------------------------------------
[Alert] Attribution type: lrp / Deletion of inputs: 0.6
[Step] 1/10
[Train] Average loss: 164.9063
[Test] Average loss: 1.4134, Accuracy: 48.14%
[Alert] best model saved
----------------------------------------
[Step] 2/10
[Train] Average loss: 156.2402
[Test] Average loss: 1.4114, Accuracy: 48.69%
[Alert] best model saved
----------------------------------------
[Step] 3/10
[Train] Average loss: 153.9461
[Test] Average loss: 1.3883, Accuracy: 48.86%
[Alert] best model saved
----------------------------------------
[Step] 4/10
[Train] Average loss: 152.4925
[Test] Average loss: 1.3717, Accuracy: 50.02%
[Alert] best model saved
----------------------------------------
[Step] 5/10
[Train] Average loss: 151.3404
[Test] Average loss: 1.3800, Accuracy: 49.26%
----------------------------------------
[Step] 6/10
[Train] Average loss: 150.5380
[Test] Average loss: 1.3761, Accuracy: 49.84%
----------------------------------------
[Step] 7/10
[Train] Average loss: 149.6783
[Test] Average loss: 1.3718, Accuracy: 49.82%
----------------------------------------
[Step] 8/10
[Train] Average loss: 149.0229
[Test] Average loss: 1.3620, Accuracy: 50.57%
[Alert] best model saved
----------------------------------------
[Step] 9/10
[Train] Average loss: 148.5037
[Test] Average loss: 1.3583, Accuracy: 50.73%
[Alert] best model saved
----------------------------------------
[Step] 10/10
[Train] Average loss: 147.8162
[Test] Average loss: 1.3762, Accuracy: 49.54%
----------------------------------------
[Alert] Attribution type: lrp / Deletion of inputs: 0.7
[Step] 1/10
[Train] Average loss: 243.0444
[Test] Average loss: 2.0601, Accuracy: 20.72%
[Alert] best model saved
----------------------------------------
[Step] 2/10
[Train] Average loss: 238.9307
[Test] Average loss: 2.0606, Accuracy: 21.72%
[Alert] best model saved
----------------------------------------
[Step] 3/10
[Train] Average loss: 238.5125
[Test] Average loss: 2.0554, Accuracy: 21.84%
[Alert] best model saved
----------------------------------------
[Step] 4/10
[Train] Average loss: 238.0940
[Test] Average loss: 2.0564, Accuracy: 21.70%
----------------------------------------
[Step] 5/10
[Train] Average loss: 237.7579
[Test] Average loss: 2.0539, Accuracy: 21.84%
[Alert] best model saved
----------------------------------------
[Step] 6/10
[Train] Average loss: 237.6412
[Test] Average loss: 2.0553, Accuracy: 21.72%
----------------------------------------
[Step] 7/10
[Train] Average loss: 237.3079
[Test] Average loss: 2.0584, Accuracy: 20.58%
----------------------------------------
[Step] 8/10
[Train] Average loss: 237.1313
[Test] Average loss: 2.0589, Accuracy: 21.79%
----------------------------------------
[Step] 9/10
[Train] Average loss: 237.1876
[Test] Average loss: 2.0539, Accuracy: 21.78%
----------------------------------------
[Step] 10/10
[Train] Average loss: 236.8891
[Test] Average loss: 2.0562, Accuracy: 21.78%
----------------------------------------
[Alert] Attribution type: lrp / Deletion of inputs: 0.8
[Step] 1/10
[Train] Average loss: 271.8197
[Test] Average loss: 2.3012, Accuracy: 11.35%
[Alert] best model saved
----------------------------------------
[Step] 2/10
[Train] Average loss: 271.5883
[Test] Average loss: 2.3017, Accuracy: 11.35%
[Alert] best model saved
----------------------------------------
[Step] 3/10
[Train] Average loss: 271.5908
[Test] Average loss: 2.3010, Accuracy: 11.35%
[Alert] best model saved
----------------------------------------
[Step] 4/10
[Train] Average loss: 271.5601
[Test] Average loss: 2.3013, Accuracy: 11.35%
[Alert] best model saved
----------------------------------------
[Step] 5/10
[Train] Average loss: 271.5686
[Test] Average loss: 2.3012, Accuracy: 11.35%
[Alert] best model saved
----------------------------------------
[Step] 6/10
[Train] Average loss: 271.5510
[Test] Average loss: 2.3010, Accuracy: 11.35%
[Alert] best model saved
----------------------------------------
[Step] 7/10
[Train] Average loss: 271.5266
[Test] Average loss: 2.3010, Accuracy: 11.35%
[Alert] best model saved
----------------------------------------
[Step] 8/10
[Train] Average loss: 271.5275
[Test] Average loss: 2.3010, Accuracy: 11.35%
[Alert] best model saved
----------------------------------------
[Step] 9/10
[Train] Average loss: 271.5519
[Test] Average loss: 2.3014, Accuracy: 11.35%
[Alert] best model saved
----------------------------------------
[Step] 10/10
[Train] Average loss: 271.5395
[Test] Average loss: 2.3010, Accuracy: 11.35%
[Alert] best model saved
----------------------------------------
[Alert] Attribution type: lrp / Deletion of inputs: 0.9
[Step] 1/10
[Train] Average loss: 271.5684
[Test] Average loss: 2.3011, Accuracy: 11.35%
[Alert] best model saved
----------------------------------------
[Step] 2/10
[Train] Average loss: 271.5582
[Test] Average loss: 2.3011, Accuracy: 11.35%
[Alert] best model saved
----------------------------------------
[Step] 3/10
[Train] Average loss: 271.5822
[Test] Average loss: 2.3011, Accuracy: 11.35%
[Alert] best model saved
----------------------------------------
[Step] 4/10
[Train] Average loss: 271.5639
[Test] Average loss: 2.3011, Accuracy: 11.35%
[Alert] best model saved
----------------------------------------
[Step] 5/10
[Train] Average loss: 271.5633
[Test] Average loss: 2.3011, Accuracy: 11.35%
[Alert] best model saved
----------------------------------------
[Step] 6/10
[Train] Average loss: 271.5494
[Test] Average loss: 2.3013, Accuracy: 11.35%
[Alert] best model saved
----------------------------------------
[Step] 7/10
[Train] Average loss: 271.5700
[Test] Average loss: 2.3011, Accuracy: 11.35%
[Alert] best model saved
----------------------------------------
[Step] 8/10
[Train] Average loss: 271.5584
[Test] Average loss: 2.3011, Accuracy: 11.35%
[Alert] best model saved
----------------------------------------
[Step] 9/10
[Train] Average loss: 271.5612
[Test] Average loss: 2.3010, Accuracy: 11.35%
[Alert] best model saved
----------------------------------------
[Step] 10/10
[Train] Average loss: 271.5667
[Test] Average loss: 2.3011, Accuracy: 11.35%
[Alert] best model saved
----------------------------------------
[Alert] Attribution type: saliency / Deletion of inputs: 0.0
[Step] 1/10
[Train] Average loss: 271.5883
[Test] Average loss: 2.3012, Accuracy: 11.35%
[Alert] best model saved
----------------------------------------
[Step] 2/10
[Train] Average loss: 271.5665
[Test] Average loss: 2.3012, Accuracy: 11.35%
[Alert] best model saved
----------------------------------------
[Step] 3/10
[Train] Average loss: 271.5570
[Test] Average loss: 2.3011, Accuracy: 11.35%
[Alert] best model saved
----------------------------------------
[Step] 4/10
[Train] Average loss: 271.5439
[Test] Average loss: 2.3010, Accuracy: 11.35%
[Alert] best model saved
----------------------------------------
[Step] 5/10
[Train] Average loss: 271.5521
[Test] Average loss: 2.3011, Accuracy: 11.35%
[Alert] best model saved
----------------------------------------
[Step] 6/10
[Train] Average loss: 271.5529
[Test] Average loss: 2.3011, Accuracy: 11.35%
[Alert] best model saved
----------------------------------------
[Step] 7/10
[Train] Average loss: 271.5492
[Test] Average loss: 2.3010, Accuracy: 11.35%
[Alert] best model saved
----------------------------------------
[Step] 8/10
[Train] Average loss: 271.5454
[Test] Average loss: 2.3011, Accuracy: 11.35%
[Alert] best model saved
----------------------------------------
[Step] 9/10
[Train] Average loss: 271.5550
[Test] Average loss: 2.3010, Accuracy: 11.35%
[Alert] best model saved
----------------------------------------
[Step] 10/10
[Train] Average loss: 271.5466
[Test] Average loss: 2.3010, Accuracy: 11.35%
[Alert] best model saved
----------------------------------------
[Alert] Attribution type: saliency / Deletion of inputs: 0.1
[Step] 1/10
[Train] Average loss: 271.5481
[Test] Average loss: 2.3010, Accuracy: 11.35%
[Alert] best model saved
----------------------------------------
[Step] 2/10
[Train] Average loss: 271.5591
[Test] Average loss: 2.3011, Accuracy: 11.35%
[Alert] best model saved
----------------------------------------
[Step] 3/10
[Train] Average loss: 271.5475
[Test] Average loss: 2.3010, Accuracy: 11.35%
[Alert] best model saved
----------------------------------------
[Step] 4/10
[Train] Average loss: 271.5430
[Test] Average loss: 2.3010, Accuracy: 11.35%
[Alert] best model saved
----------------------------------------
[Step] 5/10
[Train] Average loss: 271.5402
[Test] Average loss: 2.3011, Accuracy: 11.35%
[Alert] best model saved
----------------------------------------
[Step] 6/10
[Train] Average loss: 271.5472
[Test] Average loss: 2.3010, Accuracy: 11.35%
[Alert] best model saved
----------------------------------------
[Step] 7/10
[Train] Average loss: 271.5439
[Test] Average loss: 2.3010, Accuracy: 11.35%
[Alert] best model saved
----------------------------------------
[Step] 8/10
[Train] Average loss: 271.5469
[Test] Average loss: 2.3010, Accuracy: 11.35%
[Alert] best model saved
----------------------------------------
[Step] 9/10
[Train] Average loss: 271.5453
[Test] Average loss: 2.3010, Accuracy: 11.35%
[Alert] best model saved
----------------------------------------
[Step] 10/10
[Train] Average loss: 271.5490
[Test] Average loss: 2.3010, Accuracy: 11.35%
[Alert] best model saved
----------------------------------------
[Alert] Attribution type: saliency / Deletion of inputs: 0.2
[Step] 1/10
[Train] Average loss: 271.5445
[Test] Average loss: 2.3011, Accuracy: 11.35%
[Alert] best model saved
----------------------------------------
[Step] 2/10
[Train] Average loss: 271.5447
[Test] Average loss: 2.3010, Accuracy: 11.35%
[Alert] best model saved
----------------------------------------
[Step] 3/10
[Train] Average loss: 271.5496
[Test] Average loss: 2.3010, Accuracy: 11.35%
[Alert] best model saved
----------------------------------------
[Step] 4/10
[Train] Average loss: 271.5534
[Test] Average loss: 2.3010, Accuracy: 11.35%
[Alert] best model saved
----------------------------------------
[Step] 5/10
[Train] Average loss: 271.5517
[Test] Average loss: 2.3010, Accuracy: 11.35%
[Alert] best model saved
----------------------------------------
[Step] 6/10
[Train] Average loss: 271.5439
[Test] Average loss: 2.3010, Accuracy: 11.35%
[Alert] best model saved
----------------------------------------
[Step] 7/10
[Train] Average loss: 271.5374
[Test] Average loss: 2.3010, Accuracy: 11.35%
[Alert] best model saved
----------------------------------------
[Step] 8/10
[Train] Average loss: 271.5454
[Test] Average loss: 2.3010, Accuracy: 11.35%
[Alert] best model saved
----------------------------------------
[Step] 9/10
[Train] Average loss: 271.5513
[Test] Average loss: 2.3011, Accuracy: 11.35%
[Alert] best model saved
----------------------------------------
[Step] 10/10
[Train] Average loss: 271.5437
[Test] Average loss: 2.3010, Accuracy: 11.35%
[Alert] best model saved
----------------------------------------
[Alert] Attribution type: saliency / Deletion of inputs: 0.3
[Step] 1/10
[Train] Average loss: 271.5423
[Test] Average loss: 2.3010, Accuracy: 11.35%
[Alert] best model saved
----------------------------------------
[Step] 2/10
[Train] Average loss: 271.5407
[Test] Average loss: 2.3010, Accuracy: 11.35%
[Alert] best model saved
----------------------------------------
[Step] 3/10
[Train] Average loss: 271.5465
[Test] Average loss: 2.3010, Accuracy: 11.35%
[Alert] best model saved
----------------------------------------
[Step] 4/10
[Train] Average loss: 271.5465
[Test] Average loss: 2.3010, Accuracy: 11.35%
[Alert] best model saved
----------------------------------------
[Step] 5/10
[Train] Average loss: 271.5421
[Test] Average loss: 2.3010, Accuracy: 11.35%
[Alert] best model saved
----------------------------------------
[Step] 6/10
[Train] Average loss: 271.5405
[Test] Average loss: 2.3010, Accuracy: 11.35%
[Alert] best model saved
----------------------------------------
[Step] 7/10
[Train] Average loss: 271.5414
[Test] Average loss: 2.3010, Accuracy: 11.35%
[Alert] best model saved
----------------------------------------
[Step] 8/10
[Train] Average loss: 271.5388
[Test] Average loss: 2.3010, Accuracy: 11.35%
[Alert] best model saved
----------------------------------------
[Step] 9/10
[Train] Average loss: 271.5435
[Test] Average loss: 2.3010, Accuracy: 11.35%
[Alert] best model saved
----------------------------------------
[Step] 10/10
[Train] Average loss: 271.5452
[Test] Average loss: 2.3011, Accuracy: 11.35%
[Alert] best model saved
----------------------------------------
[Alert] Attribution type: saliency / Deletion of inputs: 0.4
[Step] 1/10
[Train] Average loss: 271.5435
[Test] Average loss: 2.3010, Accuracy: 11.35%
[Alert] best model saved
----------------------------------------
[Step] 2/10
[Train] Average loss: 271.5508
[Test] Average loss: 2.3010, Accuracy: 11.35%
[Alert] best model saved
----------------------------------------
[Step] 3/10
[Train] Average loss: 271.5507
[Test] Average loss: 2.3011, Accuracy: 11.35%
[Alert] best model saved
----------------------------------------
[Step] 4/10
[Train] Average loss: 271.5390
[Test] Average loss: 2.3010, Accuracy: 11.35%
[Alert] best model saved
----------------------------------------
[Step] 5/10
[Train] Average loss: 271.5436
[Test] Average loss: 2.3010, Accuracy: 11.35%
[Alert] best model saved
----------------------------------------
[Step] 6/10
[Train] Average loss: 271.5446
[Test] Average loss: 2.3010, Accuracy: 11.35%
[Alert] best model saved
----------------------------------------
[Step] 7/10
[Train] Average loss: 271.5505
[Test] Average loss: 2.3010, Accuracy: 11.35%
[Alert] best model saved
----------------------------------------
[Step] 8/10
[Train] Average loss: 271.5466
[Test] Average loss: 2.3010, Accuracy: 11.35%
[Alert] best model saved
----------------------------------------
[Step] 9/10
[Train] Average loss: 271.5449
[Test] Average loss: 2.3010, Accuracy: 11.35%
[Alert] best model saved
----------------------------------------
[Step] 10/10
[Train] Average loss: 271.5416
[Test] Average loss: 2.3010, Accuracy: 11.35%
[Alert] best model saved
----------------------------------------
[Alert] Attribution type: saliency / Deletion of inputs: 0.5
[Step] 1/10
[Train] Average loss: 271.5409
[Test] Average loss: 2.3010, Accuracy: 11.35%
[Alert] best model saved
----------------------------------------
[Step] 2/10
[Train] Average loss: 271.5428
[Test] Average loss: 2.3010, Accuracy: 11.35%
[Alert] best model saved
----------------------------------------
[Step] 3/10
[Train] Average loss: 271.5482
[Test] Average loss: 2.3010, Accuracy: 11.35%
[Alert] best model saved
----------------------------------------
[Step] 4/10
[Train] Average loss: 271.5406
[Test] Average loss: 2.3010, Accuracy: 11.35%
[Alert] best model saved
----------------------------------------
[Step] 5/10
[Train] Average loss: 271.5492
[Test] Average loss: 2.3010, Accuracy: 11.35%
[Alert] best model saved
----------------------------------------
[Step] 6/10
[Train] Average loss: 271.5514
[Test] Average loss: 2.3010, Accuracy: 11.35%
[Alert] best model saved
----------------------------------------
[Step] 7/10
[Train] Average loss: 271.5471
[Test] Average loss: 2.3010, Accuracy: 11.35%
[Alert] best model saved
----------------------------------------
[Step] 8/10
[Train] Average loss: 271.5435
[Test] Average loss: 2.3010, Accuracy: 11.35%
[Alert] best model saved
----------------------------------------
[Step] 9/10
[Train] Average loss: 271.5464
[Test] Average loss: 2.3010, Accuracy: 11.35%
[Alert] best model saved
----------------------------------------
[Step] 10/10
[Train] Average loss: 271.5395
[Test] Average loss: 2.3010, Accuracy: 11.35%
[Alert] best model saved
----------------------------------------
[Alert] Attribution type: saliency / Deletion of inputs: 0.6
[Step] 1/10
[Train] Average loss: 271.5448
[Test] Average loss: 2.3010, Accuracy: 11.35%
[Alert] best model saved
----------------------------------------
[Step] 2/10
[Train] Average loss: 271.5453
[Test] Average loss: 2.3010, Accuracy: 11.35%
[Alert] best model saved
----------------------------------------
[Step] 3/10
[Train] Average loss: 271.5441
[Test] Average loss: 2.3010, Accuracy: 11.35%
[Alert] best model saved
----------------------------------------
[Step] 4/10
[Train] Average loss: 271.5441
[Test] Average loss: 2.3010, Accuracy: 11.35%
[Alert] best model saved
----------------------------------------
[Step] 5/10
[Train] Average loss: 271.5446
[Test] Average loss: 2.3010, Accuracy: 11.35%
[Alert] best model saved
----------------------------------------
[Step] 6/10
[Train] Average loss: 271.5340
[Test] Average loss: 2.3010, Accuracy: 11.35%
[Alert] best model saved
----------------------------------------
[Step] 7/10
[Train] Average loss: 271.5535
[Test] Average loss: 2.3010, Accuracy: 11.35%
[Alert] best model saved
----------------------------------------
[Step] 8/10
[Train] Average loss: 271.5465
[Test] Average loss: 2.3010, Accuracy: 11.35%
[Alert] best model saved
----------------------------------------
[Step] 9/10
[Train] Average loss: 271.5461
[Test] Average loss: 2.3010, Accuracy: 11.35%
[Alert] best model saved
----------------------------------------
[Step] 10/10
[Train] Average loss: 271.5525
[Test] Average loss: 2.3010, Accuracy: 11.35%
[Alert] best model saved
----------------------------------------
[Alert] Attribution type: saliency / Deletion of inputs: 0.7
[Step] 1/10
[Train] Average loss: 271.5486
[Test] Average loss: 2.3010, Accuracy: 11.35%
[Alert] best model saved
----------------------------------------
[Step] 2/10
[Train] Average loss: 271.5522
[Test] Average loss: 2.3010, Accuracy: 11.35%
[Alert] best model saved
----------------------------------------
[Step] 3/10
[Train] Average loss: 271.5406
[Test] Average loss: 2.3010, Accuracy: 11.35%
[Alert] best model saved
----------------------------------------
[Step] 4/10
[Train] Average loss: 271.5433
[Test] Average loss: 2.3010, Accuracy: 11.35%
[Alert] best model saved
----------------------------------------
[Step] 5/10
[Train] Average loss: 271.5481
[Test] Average loss: 2.3010, Accuracy: 11.35%
[Alert] best model saved
----------------------------------------
[Step] 6/10
[Train] Average loss: 271.5437
[Test] Average loss: 2.3010, Accuracy: 11.35%
[Alert] best model saved
----------------------------------------
[Step] 7/10
[Train] Average loss: 271.5472
[Test] Average loss: 2.3010, Accuracy: 11.35%
[Alert] best model saved
----------------------------------------
[Step] 8/10
[Train] Average loss: 271.5432
[Test] Average loss: 2.3010, Accuracy: 11.35%
[Alert] best model saved
----------------------------------------
[Step] 9/10
[Train] Average loss: 271.5393
[Test] Average loss: 2.3010, Accuracy: 11.35%
[Alert] best model saved
----------------------------------------
[Step] 10/10
[Train] Average loss: 271.5482
[Test] Average loss: 2.3010, Accuracy: 11.35%
[Alert] best model saved
----------------------------------------
[Alert] Attribution type: saliency / Deletion of inputs: 0.8
[Step] 1/10
[Train] Average loss: 271.5394
[Test] Average loss: 2.3010, Accuracy: 11.35%
[Alert] best model saved
----------------------------------------
[Step] 2/10
[Train] Average loss: 271.5489
[Test] Average loss: 2.3010, Accuracy: 11.35%
[Alert] best model saved
----------------------------------------
[Step] 3/10
[Train] Average loss: 271.5463
[Test] Average loss: 2.3010, Accuracy: 11.35%
[Alert] best model saved
----------------------------------------
[Step] 4/10
[Train] Average loss: 271.5501
[Test] Average loss: 2.3010, Accuracy: 11.35%
[Alert] best model saved
----------------------------------------
[Step] 5/10
[Train] Average loss: 271.5386
[Test] Average loss: 2.3010, Accuracy: 11.35%
[Alert] best model saved
----------------------------------------
[Step] 6/10
[Train] Average loss: 271.5410
[Test] Average loss: 2.3010, Accuracy: 11.35%
[Alert] best model saved
----------------------------------------
[Step] 7/10
[Train] Average loss: 271.5412
[Test] Average loss: 2.3010, Accuracy: 11.35%
[Alert] best model saved
----------------------------------------
[Step] 8/10
[Train] Average loss: 271.5428
[Test] Average loss: 2.3010, Accuracy: 11.35%
[Alert] best model saved
----------------------------------------
[Step] 9/10
[Train] Average loss: 271.5368
[Test] Average loss: 2.3010, Accuracy: 11.35%
[Alert] best model saved
----------------------------------------
[Step] 10/10
[Train] Average loss: 271.5399
[Test] Average loss: 2.3010, Accuracy: 11.35%
[Alert] best model saved
----------------------------------------
[Alert] Attribution type: saliency / Deletion of inputs: 0.9
[Step] 1/10
[Train] Average loss: 271.5383
[Test] Average loss: 2.3010, Accuracy: 11.35%
[Alert] best model saved
----------------------------------------
[Step] 2/10
[Train] Average loss: 271.5384
[Test] Average loss: 2.3010, Accuracy: 11.35%
[Alert] best model saved
----------------------------------------
[Step] 3/10
[Train] Average loss: 271.5457
[Test] Average loss: 2.3010, Accuracy: 11.35%
[Alert] best model saved
----------------------------------------
[Step] 4/10
[Train] Average loss: 271.5437
[Test] Average loss: 2.3010, Accuracy: 11.35%
[Alert] best model saved
----------------------------------------
[Step] 5/10
[Train] Average loss: 271.5518
[Test] Average loss: 2.3010, Accuracy: 11.35%
[Alert] best model saved
----------------------------------------
[Step] 6/10
[Train] Average loss: 271.5430
[Test] Average loss: 2.3010, Accuracy: 11.35%
[Alert] best model saved
----------------------------------------
[Step] 7/10
[Train] Average loss: 271.5435
[Test] Average loss: 2.3010, Accuracy: 11.35%
[Alert] best model saved
----------------------------------------
[Step] 8/10
[Train] Average loss: 271.5440
[Test] Average loss: 2.3010, Accuracy: 11.35%
[Alert] best model saved
----------------------------------------
[Step] 9/10
[Train] Average loss: 271.5404
[Test] Average loss: 2.3010, Accuracy: 11.35%
[Alert] best model saved
----------------------------------------
[Step] 10/10
[Train] Average loss: 271.5435
[Test] Average loss: 2.3010, Accuracy: 11.35%
[Alert] best model saved
----------------------------------------
